[2025-05-16 11:02:19,997][__main__][INFO] - Starting training...
[2025-05-16 11:02:19,997][__main__][INFO] - Original Hydra directory: /fs/cml-scratch/amishab/equibot
[2025-05-16 11:02:19,997][__main__][INFO] - Target output directory: /fs/nexus-projects/Sketch_VLM_RL/equibit
[2025-05-16 11:02:19,997][__main__][INFO] - Changed working directory to: /fs/nexus-projects/Sketch_VLM_RL/equibit
[2025-05-16 11:02:19,998][__main__][INFO] - Starting training...
[2025-05-16 11:02:19,998][__main__][WARNING] - Hydra config directory not found at /fs/cml-scratch/amishab/equibot/.hydra
[2025-05-16 11:02:19,998][__main__][INFO] - Original Hydra directory: /fs/cml-scratch/amishab/equibot
[2025-05-16 11:02:19,998][__main__][INFO] - Target output directory: /fs/nexus-projects/Sketch_VLM_RL/equibit
[2025-05-16 11:02:19,998][__main__][INFO] - Changed working directory to: /fs/nexus-projects/Sketch_VLM_RL/equibit
[2025-05-16 11:02:19,998][__main__][WARNING] - Hydra config directory not found at /fs/cml-scratch/amishab/equibot/.hydra
[2025-05-16 11:02:19,999][__main__][INFO] - Starting training...
[2025-05-16 11:02:19,999][__main__][INFO] - Original Hydra directory: /fs/cml-scratch/amishab/equibot
[2025-05-16 11:02:19,999][__main__][INFO] - Target output directory: /fs/nexus-projects/Sketch_VLM_RL/equibit
[2025-05-16 11:02:19,999][__main__][INFO] - Changed working directory to: /fs/nexus-projects/Sketch_VLM_RL/equibit
[2025-05-16 11:02:19,999][__main__][WARNING] - Hydra config directory not found at /fs/cml-scratch/amishab/equibot/.hydra
[2025-05-16 11:02:19,999][__main__][INFO] - Starting training...
[2025-05-16 11:02:19,999][__main__][INFO] - Original Hydra directory: /fs/cml-scratch/amishab/equibot
[2025-05-16 11:02:20,000][__main__][INFO] - Target output directory: /fs/nexus-projects/Sketch_VLM_RL/equibit
[2025-05-16 11:02:20,000][__main__][INFO] - Changed working directory to: /fs/nexus-projects/Sketch_VLM_RL/equibit
[2025-05-16 11:02:20,000][__main__][WARNING] - Hydra config directory not found at /fs/cml-scratch/amishab/equibot/.hydra
[2025-05-16 11:02:20,008][__main__][ERROR] - Failed to initialize wandb: Interpolation key 'env.args.obs_mode' not found
    full_key: evaluation....model.obs_mode
    object_type=dict
[2025-05-16 11:02:20,008][__main__][ERROR] - Failed to initialize wandb: Interpolation key 'env.args.obs_mode' not found
    full_key: evaluation....model.obs_mode
    object_type=dict
[2025-05-16 11:02:20,009][__main__][ERROR] - Failed to initialize wandb: Interpolation key 'env.args.obs_mode' not found
    full_key: evaluation....model.obs_mode
    object_type=dict
[2025-05-16 11:02:20,010][__main__][ERROR] - Failed to initialize wandb: Interpolation key 'env.args.obs_mode' not found
    full_key: evaluation....model.obs_mode
    object_type=dict
[2025-05-16 11:03:48,656][__main__][INFO] - Initialized dataloader with 3133 samples
[2025-05-16 11:03:48,656][__main__][INFO] - Initialized dataloader with 3133 samples
[2025-05-16 11:03:48,655][__main__][INFO] - Initialized dataloader with 3133 samples
[2025-05-16 11:04:11,508][__main__][INFO] - Initialized evaluation environment
[2025-05-16 11:04:11,508][__main__][INFO] - Initialized evaluation environment
[2025-05-16 11:04:11,508][__main__][INFO] - Initialized evaluation environment
[2025-05-16 11:04:22,496][equibot.policies.utils.equivariant_diffusion.conditional_unet1d][INFO] - number of parameters: 6.835328e+07
[2025-05-16 11:04:22,501][equibot.policies.utils.equivariant_diffusion.conditional_unet1d][INFO] - number of parameters: 6.835328e+07
[2025-05-16 11:04:22,502][equibot.policies.utils.equivariant_diffusion.conditional_unet1d][INFO] - number of parameters: 6.835328e+07
[2025-05-16 11:04:23,129][__main__][INFO] - Starting training from scratch
[2025-05-16 11:04:23,136][__main__][INFO] - Starting training from scratch
[2025-05-16 11:04:23,168][__main__][INFO] - Starting training from scratch
[2025-05-16 11:04:38,004][__main__][INFO] - Initialized dataloader with 6447 samples
[2025-05-16 11:05:06,091][__main__][INFO] - Initialized evaluation environment
[2025-05-16 11:05:08,658][equibot.policies.utils.equivariant_diffusion.conditional_unet1d][INFO] - number of parameters: 6.835328e+07
[2025-05-16 11:05:08,970][__main__][INFO] - Starting training from scratch
