[2025-05-15 23:45:39,407][__main__][INFO] - Starting training...
[2025-05-15 23:45:39,407][__main__][INFO] - Original Hydra directory: /fs/cml-scratch/amishab/equibot
[2025-05-15 23:45:39,407][__main__][INFO] - Target output directory: /fs/nexus-projects/Sketch_VLM_RL/equibit
[2025-05-15 23:45:39,408][__main__][INFO] - Changed working directory to: /fs/nexus-projects/Sketch_VLM_RL/equibit
[2025-05-15 23:45:39,408][__main__][WARNING] - Hydra config directory not found at /fs/cml-scratch/amishab/equibot/.hydra
[2025-05-15 23:45:39,408][__main__][INFO] - Starting training...
[2025-05-15 23:45:39,408][__main__][INFO] - Original Hydra directory: /fs/cml-scratch/amishab/equibot
[2025-05-15 23:45:39,408][__main__][INFO] - Target output directory: /fs/nexus-projects/Sketch_VLM_RL/equibit
[2025-05-15 23:45:39,408][__main__][INFO] - Changed working directory to: /fs/nexus-projects/Sketch_VLM_RL/equibit
[2025-05-15 23:45:39,408][__main__][WARNING] - Hydra config directory not found at /fs/cml-scratch/amishab/equibot/.hydra
[2025-05-15 23:45:39,409][__main__][INFO] - Starting training...
[2025-05-15 23:45:39,410][__main__][INFO] - Original Hydra directory: /fs/cml-scratch/amishab/equibot
[2025-05-15 23:45:39,410][__main__][INFO] - Target output directory: /fs/nexus-projects/Sketch_VLM_RL/equibit
[2025-05-15 23:45:39,410][__main__][INFO] - Changed working directory to: /fs/nexus-projects/Sketch_VLM_RL/equibit
[2025-05-15 23:45:39,410][__main__][WARNING] - Hydra config directory not found at /fs/cml-scratch/amishab/equibot/.hydra
[2025-05-15 23:45:39,410][__main__][INFO] - Starting training...
[2025-05-15 23:45:39,410][__main__][INFO] - Original Hydra directory: /fs/cml-scratch/amishab/equibot
[2025-05-15 23:45:39,410][__main__][INFO] - Target output directory: /fs/nexus-projects/Sketch_VLM_RL/equibit
[2025-05-15 23:45:39,410][__main__][INFO] - Changed working directory to: /fs/nexus-projects/Sketch_VLM_RL/equibit
[2025-05-15 23:45:39,410][__main__][WARNING] - Hydra config directory not found at /fs/cml-scratch/amishab/equibot/.hydra
[2025-05-15 23:45:39,411][__main__][INFO] - Starting training...
[2025-05-15 23:45:39,411][__main__][INFO] - Original Hydra directory: /fs/cml-scratch/amishab/equibot
[2025-05-15 23:45:39,411][__main__][INFO] - Target output directory: /fs/nexus-projects/Sketch_VLM_RL/equibit
[2025-05-15 23:45:39,411][__main__][INFO] - Changed working directory to: /fs/nexus-projects/Sketch_VLM_RL/equibit
[2025-05-15 23:45:39,411][__main__][WARNING] - Hydra config directory not found at /fs/cml-scratch/amishab/equibot/.hydra
[2025-05-15 23:45:39,412][__main__][INFO] - Starting training...
[2025-05-15 23:45:39,412][__main__][INFO] - Original Hydra directory: /fs/cml-scratch/amishab/equibot
[2025-05-15 23:45:39,412][__main__][INFO] - Target output directory: /fs/nexus-projects/Sketch_VLM_RL/equibit
[2025-05-15 23:45:39,412][__main__][INFO] - Changed working directory to: /fs/nexus-projects/Sketch_VLM_RL/equibit
[2025-05-15 23:45:39,413][__main__][WARNING] - Hydra config directory not found at /fs/cml-scratch/amishab/equibot/.hydra
[2025-05-15 23:45:39,414][__main__][INFO] - Starting training...
[2025-05-15 23:45:39,414][__main__][INFO] - Original Hydra directory: /fs/cml-scratch/amishab/equibot
[2025-05-15 23:45:39,414][__main__][INFO] - Target output directory: /fs/nexus-projects/Sketch_VLM_RL/equibit
[2025-05-15 23:45:39,414][__main__][INFO] - Changed working directory to: /fs/nexus-projects/Sketch_VLM_RL/equibit
[2025-05-15 23:45:39,414][__main__][WARNING] - Hydra config directory not found at /fs/cml-scratch/amishab/equibot/.hydra
[2025-05-15 23:45:39,418][__main__][ERROR] - Failed to initialize wandb: Interpolation key 'env.args.obs_mode' not found
    full_key: evaluation....model.obs_mode
    object_type=dict
[2025-05-15 23:45:39,419][__main__][ERROR] - Failed to initialize wandb: Interpolation key 'env.args.obs_mode' not found
    full_key: evaluation....model.obs_mode
    object_type=dict
[2025-05-15 23:45:39,420][__main__][ERROR] - Failed to initialize wandb: Interpolation key 'env.args.obs_mode' not found
    full_key: evaluation....model.obs_mode
    object_type=dict
[2025-05-15 23:45:39,421][__main__][ERROR] - Failed to initialize wandb: Interpolation key 'env.args.obs_mode' not found
    full_key: evaluation....model.obs_mode
    object_type=dict
[2025-05-15 23:45:39,421][__main__][ERROR] - Failed to initialize wandb: Interpolation key 'env.args.obs_mode' not found
    full_key: evaluation....model.obs_mode
    object_type=dict
[2025-05-15 23:45:39,423][__main__][ERROR] - Failed to initialize wandb: Interpolation key 'env.args.obs_mode' not found
    full_key: evaluation....model.obs_mode
    object_type=dict
[2025-05-15 23:45:39,424][__main__][ERROR] - Failed to initialize wandb: Interpolation key 'env.args.obs_mode' not found
    full_key: evaluation....model.obs_mode
    object_type=dict
[2025-05-15 23:45:55,802][__main__][INFO] - Initialized dataloader with 3133 samples
[2025-05-15 23:46:07,548][__main__][INFO] - Initialized dataloader with 6447 samples
[2025-05-15 23:46:07,548][__main__][INFO] - Initialized dataloader with 6447 samples
[2025-05-15 23:46:07,548][__main__][INFO] - Initialized dataloader with 6447 samples
[2025-05-15 23:46:16,851][__main__][ERROR] - Failed to initialize evaluation environment: [Errno 104] Connection reset by peer
[2025-05-15 23:46:18,587][__main__][INFO] - Initialized dataloader with 7626 samples
[2025-05-15 23:46:18,587][__main__][INFO] - Initialized dataloader with 7626 samples
[2025-05-15 23:46:18,587][__main__][INFO] - Initialized dataloader with 7626 samples
[2025-05-15 23:46:34,144][__main__][ERROR] - Failed to initialize evaluation environment: [Errno 104] Connection reset by peer
[2025-05-15 23:46:34,168][__main__][ERROR] - Failed to initialize evaluation environment: [Errno 104] Connection reset by peer
[2025-05-15 23:46:34,168][__main__][ERROR] - Failed to initialize evaluation environment: [Errno 104] Connection reset by peer
[2025-05-15 23:46:39,785][__main__][ERROR] - Failed to initialize evaluation environment: [Errno 104] Connection reset by peer
[2025-05-15 23:46:39,921][__main__][ERROR] - Failed to initialize evaluation environment: [Errno 104] Connection reset by peer
[2025-05-15 23:46:40,894][__main__][ERROR] - Failed to initialize evaluation environment: [Errno 104] Connection reset by peer
