[2025-05-16 11:02:08,345][__main__][INFO] - Starting training...
[2025-05-16 11:02:08,345][__main__][INFO] - Original Hydra directory: /fs/cml-scratch/amishab/equibot
[2025-05-16 11:02:08,345][__main__][INFO] - Target output directory: /fs/nexus-projects/Sketch_VLM_RL/equibit
[2025-05-16 11:02:08,345][__main__][INFO] - Changed working directory to: /fs/nexus-projects/Sketch_VLM_RL/equibit
[2025-05-16 11:02:08,345][__main__][INFO] - Starting training...
[2025-05-16 11:02:08,346][__main__][WARNING] - Hydra config directory not found at /fs/cml-scratch/amishab/equibot/.hydra
[2025-05-16 11:02:08,346][__main__][INFO] - Original Hydra directory: /fs/cml-scratch/amishab/equibot
[2025-05-16 11:02:08,346][__main__][INFO] - Target output directory: /fs/nexus-projects/Sketch_VLM_RL/equibit
[2025-05-16 11:02:08,346][__main__][INFO] - Changed working directory to: /fs/nexus-projects/Sketch_VLM_RL/equibit
[2025-05-16 11:02:08,346][__main__][WARNING] - Hydra config directory not found at /fs/cml-scratch/amishab/equibot/.hydra
[2025-05-16 11:02:08,354][__main__][ERROR] - Failed to initialize wandb: Interpolation key 'env.args.obs_mode' not found
    full_key: evaluation....model.obs_mode
    object_type=dict
[2025-05-16 11:02:08,354][__main__][ERROR] - Failed to initialize wandb: Interpolation key 'env.args.obs_mode' not found
    full_key: evaluation....model.obs_mode
    object_type=dict
[2025-05-16 11:04:24,954][__main__][INFO] - Initialized dataloader with 7626 samples
[2025-05-16 11:04:24,954][__main__][INFO] - Initialized dataloader with 7626 samples
[2025-05-16 11:04:43,691][__main__][INFO] - Initialized evaluation environment
[2025-05-16 11:04:43,691][__main__][INFO] - Initialized evaluation environment
[2025-05-16 11:04:49,607][equibot.policies.utils.equivariant_diffusion.conditional_unet1d][INFO] - number of parameters: 6.835328e+07
[2025-05-16 11:04:49,608][equibot.policies.utils.equivariant_diffusion.conditional_unet1d][INFO] - number of parameters: 6.835328e+07
[2025-05-16 11:04:50,034][__main__][INFO] - Starting training from scratch
[2025-05-16 11:04:50,071][__main__][INFO] - Starting training from scratch
