[2025-05-16 11:31:30,454][__main__][INFO] - Starting training...
[2025-05-16 11:31:30,454][__main__][INFO] - Original Hydra directory: /fs/cml-scratch/amishab/equibot
[2025-05-16 11:31:30,454][__main__][INFO] - Target output directory: /fs/nexus-projects/Sketch_VLM_RL/equibit
[2025-05-16 11:31:30,454][__main__][INFO] - Changed working directory to: /fs/nexus-projects/Sketch_VLM_RL/equibit
[2025-05-16 11:31:30,455][__main__][WARNING] - Hydra config directory not found at /fs/cml-scratch/amishab/equibot/.hydra
[2025-05-16 11:31:30,455][__main__][INFO] - Starting training...
[2025-05-16 11:31:30,455][__main__][INFO] - Original Hydra directory: /fs/cml-scratch/amishab/equibot
[2025-05-16 11:31:30,455][__main__][INFO] - Target output directory: /fs/nexus-projects/Sketch_VLM_RL/equibit
[2025-05-16 11:31:30,455][__main__][INFO] - Changed working directory to: /fs/nexus-projects/Sketch_VLM_RL/equibit
[2025-05-16 11:31:30,456][__main__][WARNING] - Hydra config directory not found at /fs/cml-scratch/amishab/equibot/.hydra
[2025-05-16 11:31:30,459][__main__][INFO] - Starting training...
[2025-05-16 11:31:30,459][__main__][INFO] - Original Hydra directory: /fs/cml-scratch/amishab/equibot
[2025-05-16 11:31:30,459][__main__][INFO] - Target output directory: /fs/nexus-projects/Sketch_VLM_RL/equibit
[2025-05-16 11:31:30,459][__main__][INFO] - Changed working directory to: /fs/nexus-projects/Sketch_VLM_RL/equibit
[2025-05-16 11:31:30,459][__main__][WARNING] - Hydra config directory not found at /fs/cml-scratch/amishab/equibot/.hydra
[2025-05-16 11:31:30,461][__main__][INFO] - Starting training...
[2025-05-16 11:31:30,462][__main__][INFO] - Original Hydra directory: /fs/cml-scratch/amishab/equibot
[2025-05-16 11:31:30,462][__main__][INFO] - Target output directory: /fs/nexus-projects/Sketch_VLM_RL/equibit
[2025-05-16 11:31:30,462][__main__][INFO] - Changed working directory to: /fs/nexus-projects/Sketch_VLM_RL/equibit
[2025-05-16 11:31:30,462][__main__][WARNING] - Hydra config directory not found at /fs/cml-scratch/amishab/equibot/.hydra
[2025-05-16 11:31:30,467][__main__][ERROR] - Failed to initialize wandb: Interpolation key 'env.args.obs_mode' not found
    full_key: evaluation....model.obs_mode
    object_type=dict
[2025-05-16 11:31:30,468][__main__][ERROR] - Failed to initialize wandb: Interpolation key 'env.args.obs_mode' not found
    full_key: evaluation....model.obs_mode
    object_type=dict
[2025-05-16 11:31:30,471][__main__][ERROR] - Failed to initialize wandb: Interpolation key 'env.args.obs_mode' not found
    full_key: evaluation....model.obs_mode
    object_type=dict
[2025-05-16 11:31:30,474][__main__][ERROR] - Failed to initialize wandb: Interpolation key 'env.args.obs_mode' not found
    full_key: evaluation....model.obs_mode
    object_type=dict
[2025-05-16 11:33:47,725][__main__][INFO] - Initialized dataloader with 6447 samples
[2025-05-16 11:33:47,725][__main__][INFO] - Initialized dataloader with 6447 samples
[2025-05-16 11:34:01,539][__main__][INFO] - Initialized dataloader with 7626 samples
[2025-05-16 11:34:01,539][__main__][INFO] - Initialized dataloader with 7626 samples
[2025-05-16 11:34:20,554][__main__][INFO] - Initialized evaluation environment
[2025-05-16 11:34:20,622][__main__][INFO] - Initialized evaluation environment
[2025-05-16 11:34:21,898][__main__][INFO] - Initialized evaluation environment
[2025-05-16 11:34:21,928][__main__][INFO] - Initialized evaluation environment
[2025-05-16 11:34:26,394][equibot.policies.utils.equivariant_diffusion.conditional_unet1d][INFO] - number of parameters: 6.835328e+07
[2025-05-16 11:34:26,525][equibot.policies.utils.equivariant_diffusion.conditional_unet1d][INFO] - number of parameters: 6.835328e+07
[2025-05-16 11:34:26,525][equibot.policies.utils.equivariant_diffusion.conditional_unet1d][INFO] - number of parameters: 6.835328e+07
[2025-05-16 11:34:26,528][equibot.policies.utils.equivariant_diffusion.conditional_unet1d][INFO] - number of parameters: 6.835328e+07
[2025-05-16 11:34:26,858][__main__][INFO] - Starting training from scratch
[2025-05-16 11:34:26,977][__main__][INFO] - Starting training from scratch
[2025-05-16 11:34:27,106][__main__][INFO] - Starting training from scratch
[2025-05-16 11:34:27,108][__main__][INFO] - Starting training from scratch
