[2025-05-16 11:31:59,267][__main__][INFO] - Starting training...
[2025-05-16 11:31:59,267][__main__][INFO] - Original Hydra directory: /fs/cml-scratch/amishab/equibot
[2025-05-16 11:31:59,267][__main__][INFO] - Target output directory: /fs/nexus-projects/Sketch_VLM_RL/equibit
[2025-05-16 11:31:59,267][__main__][INFO] - Changed working directory to: /fs/nexus-projects/Sketch_VLM_RL/equibit
[2025-05-16 11:31:59,267][__main__][WARNING] - Hydra config directory not found at /fs/cml-scratch/amishab/equibot/.hydra
[2025-05-16 11:31:59,269][__main__][INFO] - Starting training...
[2025-05-16 11:31:59,269][__main__][INFO] - Original Hydra directory: /fs/cml-scratch/amishab/equibot
[2025-05-16 11:31:59,270][__main__][INFO] - Target output directory: /fs/nexus-projects/Sketch_VLM_RL/equibit
[2025-05-16 11:31:59,270][__main__][INFO] - Changed working directory to: /fs/nexus-projects/Sketch_VLM_RL/equibit
[2025-05-16 11:31:59,270][__main__][WARNING] - Hydra config directory not found at /fs/cml-scratch/amishab/equibot/.hydra
[2025-05-16 11:31:59,277][__main__][ERROR] - Failed to initialize wandb: Interpolation key 'env.args.obs_mode' not found
    full_key: evaluation....model.obs_mode
    object_type=dict
[2025-05-16 11:31:59,279][__main__][ERROR] - Failed to initialize wandb: Interpolation key 'env.args.obs_mode' not found
    full_key: evaluation....model.obs_mode
    object_type=dict
[2025-05-16 11:32:12,685][__main__][INFO] - Initialized dataloader with 7626 samples
[2025-05-16 11:32:21,637][__main__][INFO] - Initialized dataloader with 6447 samples
[2025-05-16 11:32:30,430][__main__][INFO] - Initialized evaluation environment
[2025-05-16 11:32:32,867][equibot.policies.utils.equivariant_diffusion.conditional_unet1d][INFO] - number of parameters: 6.835328e+07
[2025-05-16 11:32:33,265][__main__][INFO] - Starting training from scratch
[2025-05-16 11:32:43,188][__main__][INFO] - Initialized evaluation environment
[2025-05-16 11:32:45,694][equibot.policies.utils.equivariant_diffusion.conditional_unet1d][INFO] - number of parameters: 6.835328e+07
[2025-05-16 11:32:45,958][__main__][INFO] - Starting training from scratch
