[2025-05-15 23:46:14,003][__main__][INFO] - Starting training...
[2025-05-15 23:46:14,003][__main__][INFO] - Original Hydra directory: /fs/cml-scratch/amishab/equibot
[2025-05-15 23:46:14,003][__main__][INFO] - Target output directory: /fs/nexus-projects/Sketch_VLM_RL/equibit
[2025-05-15 23:46:14,003][__main__][INFO] - Changed working directory to: /fs/nexus-projects/Sketch_VLM_RL/equibit
[2025-05-15 23:46:14,004][__main__][INFO] - Starting training...
[2025-05-15 23:46:14,004][__main__][INFO] - Original Hydra directory: /fs/cml-scratch/amishab/equibot
[2025-05-15 23:46:14,004][__main__][INFO] - Target output directory: /fs/nexus-projects/Sketch_VLM_RL/equibit
[2025-05-15 23:46:14,004][__main__][INFO] - Changed working directory to: /fs/nexus-projects/Sketch_VLM_RL/equibit
[2025-05-15 23:46:14,004][__main__][WARNING] - Hydra config directory not found at /fs/cml-scratch/amishab/equibot/.hydra
[2025-05-15 23:46:14,004][__main__][WARNING] - Hydra config directory not found at /fs/cml-scratch/amishab/equibot/.hydra
[2025-05-15 23:46:14,005][__main__][INFO] - Starting training...
[2025-05-15 23:46:14,005][__main__][INFO] - Original Hydra directory: /fs/cml-scratch/amishab/equibot
[2025-05-15 23:46:14,005][__main__][INFO] - Target output directory: /fs/nexus-projects/Sketch_VLM_RL/equibit
[2025-05-15 23:46:14,005][__main__][INFO] - Changed working directory to: /fs/nexus-projects/Sketch_VLM_RL/equibit
[2025-05-15 23:46:14,005][__main__][WARNING] - Hydra config directory not found at /fs/cml-scratch/amishab/equibot/.hydra
[2025-05-15 23:46:14,006][__main__][INFO] - Starting training...
[2025-05-15 23:46:14,006][__main__][INFO] - Original Hydra directory: /fs/cml-scratch/amishab/equibot
[2025-05-15 23:46:14,006][__main__][INFO] - Target output directory: /fs/nexus-projects/Sketch_VLM_RL/equibit
[2025-05-15 23:46:14,006][__main__][INFO] - Changed working directory to: /fs/nexus-projects/Sketch_VLM_RL/equibit
[2025-05-15 23:46:14,006][__main__][WARNING] - Hydra config directory not found at /fs/cml-scratch/amishab/equibot/.hydra
[2025-05-15 23:46:14,018][__main__][ERROR] - Failed to initialize wandb: Interpolation key 'env.args.obs_mode' not found
    full_key: evaluation....model.obs_mode
    object_type=dict
[2025-05-15 23:46:14,018][__main__][ERROR] - Failed to initialize wandb: Interpolation key 'env.args.obs_mode' not found
    full_key: evaluation....model.obs_mode
    object_type=dict
[2025-05-15 23:46:14,019][__main__][ERROR] - Failed to initialize wandb: Interpolation key 'env.args.obs_mode' not found
    full_key: evaluation....model.obs_mode
    object_type=dict
[2025-05-15 23:46:14,019][__main__][ERROR] - Failed to initialize wandb: Interpolation key 'env.args.obs_mode' not found
    full_key: evaluation....model.obs_mode
    object_type=dict
[2025-05-15 23:48:35,687][__main__][INFO] - Initialized dataloader with 6447 samples
[2025-05-15 23:48:35,687][__main__][INFO] - Initialized dataloader with 6447 samples
[2025-05-15 23:49:00,558][__main__][INFO] - Initialized dataloader with 7626 samples
[2025-05-15 23:49:00,558][__main__][INFO] - Initialized dataloader with 7626 samples
[2025-05-15 23:49:15,471][__main__][ERROR] - Failed to initialize evaluation environment: [Errno 104] Connection reset by peer
[2025-05-15 23:49:15,480][__main__][ERROR] - Failed to initialize evaluation environment: [Errno 104] Connection reset by peer
[2025-05-15 23:49:23,903][__main__][ERROR] - Failed to initialize evaluation environment: [Errno 104] Connection reset by peer
[2025-05-15 23:49:23,927][__main__][ERROR] - Failed to initialize evaluation environment: [Errno 104] Connection reset by peer
