[2025-05-16 11:17:54,743][__main__][INFO] - Starting training...
[2025-05-16 11:17:54,743][__main__][INFO] - Original Hydra directory: /fs/cml-scratch/amishab/equibot
[2025-05-16 11:17:54,743][__main__][INFO] - Target output directory: /fs/nexus-projects/Sketch_VLM_RL/equibit
[2025-05-16 11:17:54,743][__main__][INFO] - Changed working directory to: /fs/nexus-projects/Sketch_VLM_RL/equibit
[2025-05-16 11:17:54,743][__main__][WARNING] - Hydra config directory not found at /fs/cml-scratch/amishab/equibot/.hydra
[2025-05-16 11:17:54,744][__main__][INFO] - Starting training...
[2025-05-16 11:17:54,744][__main__][INFO] - Original Hydra directory: /fs/cml-scratch/amishab/equibot
[2025-05-16 11:17:54,744][__main__][INFO] - Target output directory: /fs/nexus-projects/Sketch_VLM_RL/equibit
[2025-05-16 11:17:54,744][__main__][INFO] - Changed working directory to: /fs/nexus-projects/Sketch_VLM_RL/equibit
[2025-05-16 11:17:54,744][__main__][WARNING] - Hydra config directory not found at /fs/cml-scratch/amishab/equibot/.hydra
[2025-05-16 11:17:54,752][__main__][ERROR] - Failed to initialize wandb: Interpolation key 'env.args.obs_mode' not found
    full_key: evaluation....model.obs_mode
    object_type=dict
[2025-05-16 11:17:54,753][__main__][ERROR] - Failed to initialize wandb: Interpolation key 'env.args.obs_mode' not found
    full_key: evaluation....model.obs_mode
    object_type=dict
Sketch_VLM_RL/equibit
[2025-05-16 11:17:54,310][__main__][WARNING] - Hydra config directory not found at /fs/cml-scratch/amishab/equibot/.hydra
[2025-05-16 11:17:54,310][__main__][INFO] - Starting training...
[2025-05-16 11:17:54,310][__main__][INFO] - Original Hydra directory: /fs/cml-scratch/amishab/equibot
[2025-05-16 11:17:54,310][__main__][INFO] - Target output directory: /fs/nexus-projects/Sketch_VLM_RL/equibit
[2025-05-16 11:17:54,310][__main__][INFO] - Changed working directory to: /fs/nexus-projects/Sketch_VLM_RL/equibit
[2025-05-16 11:17:54,310][__main__][WARNING] - Hydra config directory not found at /fs/cml-scratch/amishab/equibot/.hydra
[2025-05-16 11:17:54,311][__main__][INFO] - Starting training...
[2025-05-16 11:17:54,311][__main__][INFO] - Original Hydra directory: /fs/cml-scratch/amishab/equibot
[2025-05-16 11:17:54,311][__main__][INFO] - Target output directory: /fs/nexus-projects/Sketch_VLM_RL/equibit
[2025-05-16 11:17:54,311][__main__][INFO] - Changed working directory to: /fs/nexus-projects/Sketch_VLM_RL/equibit
[2025-05-16 11:17:54,311][__main__][WARNING] - Hydra config directory not found at /fs/cml-scratch/amishab/equibot/.hydra
[2025-05-16 11:17:54,312][__main__][INFO] - Starting training...
[2025-05-16 11:17:54,313][__main__][INFO] - Original Hydra directory: /fs/cml-scratch/amishab/equibot
[2025-05-16 11:17:54,313][__main__][INFO] - Target output directory: /fs/nexus-projects/Sketch_VLM_RL/equibit
[2025-05-16 11:17:54,313][__main__][INFO] - Changed working directory to: /fs/nexus-projects/Sketch_VLM_RL/equibit
[2025-05-16 11:17:54,313][__main__][WARNING] - Hydra config directory not found at /fs/cml-scratch/amishab/equibot/.hydra
[2025-05-16 11:17:54,316][__main__][ERROR] - Failed to initialize wandb: Interpolation key 'env.args.obs_mode' not found
    full_key: evaluation....model.obs_mode
    object_type=dict
[2025-05-16 11:17:54,318][__main__][ERROR] - Failed to initialize wandb: Interpolation key 'env.args.obs_mode' not found
    full_key: evaluation....model.obs_mode
    object_type=dict
[2025-05-16 11:17:54,320][__main__][ERROR] - Failed to initialize wandb: Interpolation key 'env.args.obs_mode' not found
    full_key: evaluation....model.obs_mode
    object_type=dict
[2025-05-16 11:17:54,321][__main__][ERROR] - Failed to initialize wandb: Interpolation key 'env.args.obs_mode' not found
    full_key: evaluation....model.obs_mode
    object_type=dict
[2025-05-16 11:17:54,322][__main__][ERROR] - Failed to initialize wandb: Interpolation key 'env.args.obs_mode' not found
    full_key: evaluation....model.obs_mode
    object_type=dict
[2025-05-16 11:17:54,323][__main__][ERROR] - Failed to initialize wandb: Interpolation key 'env.args.obs_mode' not found
    full_key: evaluation....model.obs_mode
    object_type=dict
[2025-05-16 11:18:01,019][__main__][INFO] - Initialized dataloader with 3133 samples
[2025-05-16 11:18:05,821][__main__][INFO] - Initialized dataloader with 6447 samples
[2025-05-16 11:18:05,821][__main__][INFO] - Initialized dataloader with 6447 samples
[2025-05-16 11:18:05,821][__main__][INFO] - Initialized dataloader with 6447 samples
[2025-05-16 11:18:08,175][__main__][INFO] - Initialized dataloader with 7626 samples
[2025-05-16 11:18:08,175][__main__][INFO] - Initialized dataloader with 7626 samples
[2025-05-16 11:18:22,834][__main__][INFO] - Initialized evaluation environment
[2025-05-16 11:18:26,156][equibot.policies.utils.equivariant_diffusion.conditional_unet1d][INFO] - number of parameters: 6.835328e+07
[2025-05-16 11:18:26,491][__main__][INFO] - Starting training from scratch
[2025-05-16 11:18:28,865][__main__][INFO] - Initialized evaluation environment
[2025-05-16 11:18:28,878][__main__][INFO] - Initialized evaluation environment
[2025-05-16 11:18:30,211][__main__][INFO] - Initialized evaluation environment
[2025-05-16 11:18:30,684][__main__][INFO] - Initialized evaluation environment
[2025-05-16 11:18:31,841][equibot.policies.utils.equivariant_diffusion.conditional_unet1d][INFO] - number of parameters: 6.835328e+07
[2025-05-16 11:18:31,864][equibot.policies.utils.equivariant_diffusion.conditional_unet1d][INFO] - number of parameters: 6.835328e+07
[2025-05-16 11:18:32,409][__main__][INFO] - Starting training from scratch
[2025-05-16 11:18:32,413][__main__][INFO] - Starting training from scratch
[2025-05-16 11:18:32,712][__main__][INFO] - Initialized evaluation environment
[2025-05-16 11:18:32,968][equibot.policies.utils.equivariant_diffusion.conditional_unet1d][INFO] - number of parameters: 6.835328e+07
[2025-05-16 11:18:33,284][__main__][INFO] - Starting training from scratch
[2025-05-16 11:18:33,445][equibot.policies.utils.equivariant_diffusion.conditional_unet1d][INFO] - number of parameters: 6.835328e+07
[2025-05-16 11:18:33,767][__main__][INFO] - Starting training from scratch
[2025-05-16 11:18:35,541][equibot.policies.utils.equivariant_diffusion.conditional_unet1d][INFO] - number of parameters: 6.835328e+07
[2025-05-16 11:18:35,948][__main__][INFO] - Starting training from scratch
