Created base output directory: /fs/nexus-projects/Sketch_REBEL/equibot/physics_supervision
Submitted batch job 4419588
Submitted job for task: fold, seed: 42 with output directory: /fs/nexus-projects/Sketch_REBEL/equibot/physics_supervision/fold_42
Submitted batch job 4419589
Submitted job for task: cover, seed: 42 with output directory: /fs/nexus-projects/Sketch_REBEL/equibot/physics_supervision/cover_42
Submitted batch job 4419590
Submitted job for task: close, seed: 42 with output directory: /fs/nexus-projects/Sketch_REBEL/equibot/physics_supervision/close_42
Submitted batch job 4419591
Submitted job for task: fold, seed: 123 with output directory: /fs/nexus-projects/Sketch_REBEL/equibot/physics_supervision/fold_123
Submitted batch job 4419592
Submitted job for task: cover, seed: 123 with output directory: /fs/nexus-projects/Sketch_REBEL/equibot/physics_supervision/cover_123
Submitted batch job 4419593
Submitted job for task: close, seed: 123 with output directory: /fs/nexus-projects/Sketch_REBEL/equibot/physics_supervision/close_123
Submitted batch job 4419594
Submitted job for task: fold, seed: 456 with output directory: /fs/nexus-projects/Sketch_REBEL/equibot/physics_supervision/fold_456
Submitted batch job 4419595
Submitted job for task: cover, seed: 456 with output directory: /fs/nexus-projects/Sketch_REBEL/equibot/physics_supervision/cover_456
Submitted batch job 4419596
Submitted job for task: close, seed: 456 with output directory: /fs/nexus-projects/Sketch_REBEL/equibot/physics_supervision/close_456
All jobs submitted!
