[2025-05-15 23:46:01,119][__main__][INFO] - Starting training...
[2025-05-15 23:46:01,119][__main__][INFO] - Original Hydra directory: /fs/cml-scratch/amishab/equibot
[2025-05-15 23:46:01,119][__main__][INFO] - Target output directory: /fs/nexus-projects/Sketch_VLM_RL/equibit
[2025-05-15 23:46:01,120][__main__][INFO] - Changed working directory to: /fs/nexus-projects/Sketch_VLM_RL/equibit
[2025-05-15 23:46:01,120][__main__][INFO] - Starting training...
[2025-05-15 23:46:01,120][__main__][INFO] - Original Hydra directory: /fs/cml-scratch/amishab/equibot
[2025-05-15 23:46:01,120][__main__][INFO] - Target output directory: /fs/nexus-projects/Sketch_VLM_RL/equibit
[2025-05-15 23:46:01,120][__main__][INFO] - Changed working directory to: /fs/nexus-projects/Sketch_VLM_RL/equibit
[2025-05-15 23:46:01,121][__main__][WARNING] - Hydra config directory not found at /fs/cml-scratch/amishab/equibot/.hydra
[2025-05-15 23:46:01,121][__main__][WARNING] - Hydra config directory not found at /fs/cml-scratch/amishab/equibot/.hydra
[2025-05-15 23:46:01,121][__main__][INFO] - Starting training...
[2025-05-15 23:46:01,121][__main__][INFO] - Original Hydra directory: /fs/cml-scratch/amishab/equibot
[2025-05-15 23:46:01,121][__main__][INFO] - Target output directory: /fs/nexus-projects/Sketch_VLM_RL/equibit
[2025-05-15 23:46:01,121][__main__][INFO] - Changed working directory to: /fs/nexus-projects/Sketch_VLM_RL/equibit
[2025-05-15 23:46:01,121][__main__][WARNING] - Hydra config directory not found at /fs/cml-scratch/amishab/equibot/.hydra
[2025-05-15 23:46:01,123][__main__][INFO] - Starting training...
[2025-05-15 23:46:01,123][__main__][INFO] - Original Hydra directory: /fs/cml-scratch/amishab/equibot
[2025-05-15 23:46:01,123][__main__][INFO] - Target output directory: /fs/nexus-projects/Sketch_VLM_RL/equibit
[2025-05-15 23:46:01,123][__main__][INFO] - Changed working directory to: /fs/nexus-projects/Sketch_VLM_RL/equibit
[2025-05-15 23:46:01,123][__main__][WARNING] - Hydra config directory not found at /fs/cml-scratch/amishab/equibot/.hydra
[2025-05-15 23:46:01,131][__main__][ERROR] - Failed to initialize wandb: Interpolation key 'env.args.obs_mode' not found
    full_key: evaluation....model.obs_mode
    object_type=dict
[2025-05-15 23:46:01,131][__main__][ERROR] - Failed to initialize wandb: Interpolation key 'env.args.obs_mode' not found
    full_key: evaluation....model.obs_mode
    object_type=dict
[2025-05-15 23:46:01,131][__main__][ERROR] - Failed to initialize wandb: Interpolation key 'env.args.obs_mode' not found
    full_key: evaluation....model.obs_mode
    object_type=dict
[2025-05-15 23:46:01,134][__main__][ERROR] - Failed to initialize wandb: Interpolation key 'env.args.obs_mode' not found
    full_key: evaluation....model.obs_mode
    object_type=dict
[2025-05-15 23:46:17,059][__main__][INFO] - Initialized dataloader with 6447 samples
[2025-05-15 23:46:17,059][__main__][INFO] - Initialized dataloader with 6447 samples
[2025-05-15 23:46:19,873][__main__][INFO] - Initialized dataloader with 7626 samples
[2025-05-15 23:46:19,873][__main__][INFO] - Initialized dataloader with 7626 samples
[2025-05-15 23:46:43,369][__main__][ERROR] - Failed to initialize evaluation environment: [Errno 104] Connection reset by peer
[2025-05-15 23:46:43,376][__main__][ERROR] - Failed to initialize evaluation environment: [Errno 104] Connection reset by peer
[2025-05-15 23:46:50,595][__main__][ERROR] - Failed to initialize evaluation environment: [Errno 104] Connection reset by peer
[2025-05-15 23:46:50,640][__main__][ERROR] - Failed to initialize evaluation environment: [Errno 104] Connection reset by peer
