[2025-05-16 00:37:03,737][__main__][INFO] - Starting training...
[2025-05-16 00:37:03,737][__main__][INFO] - Original Hydra directory: /fs/cml-scratch/amishab/equibot
[2025-05-16 00:37:03,737][__main__][INFO] - Target output directory: /fs/nexus-projects/Sketch_VLM_RL/equibit
[2025-05-16 00:37:03,737][__main__][INFO] - Changed working directory to: /fs/nexus-projects/Sketch_VLM_RL/equibit
[2025-05-16 00:37:03,737][__main__][WARNING] - Hydra config directory not found at /fs/cml-scratch/amishab/equibot/.hydra
[2025-05-16 00:37:03,737][__main__][INFO] - Starting training...
[2025-05-16 00:37:03,737][__main__][INFO] - Original Hydra directory: /fs/cml-scratch/amishab/equibot
[2025-05-16 00:37:03,737][__main__][INFO] - Target output directory: /fs/nexus-projects/Sketch_VLM_RL/equibit
[2025-05-16 00:37:03,737][__main__][INFO] - Changed working directory to: /fs/nexus-projects/Sketch_VLM_RL/equibit
[2025-05-16 00:37:03,738][__main__][WARNING] - Hydra config directory not found at /fs/cml-scratch/amishab/equibot/.hydra
[2025-05-16 00:37:03,741][__main__][INFO] - Starting training...
[2025-05-16 00:37:03,741][__main__][INFO] - Original Hydra directory: /fs/cml-scratch/amishab/equibot
[2025-05-16 00:37:03,741][__main__][INFO] - Target output directory: /fs/nexus-projects/Sketch_VLM_RL/equibit
[2025-05-16 00:37:03,741][__main__][INFO] - Changed working directory to: /fs/nexus-projects/Sketch_VLM_RL/equibit
[2025-05-16 00:37:03,741][__main__][WARNING] - Hydra config directory not found at /fs/cml-scratch/amishab/equibot/.hydra
[2025-05-16 00:37:03,741][__main__][INFO] - Starting training...
[2025-05-16 00:37:03,741][__main__][INFO] - Original Hydra directory: /fs/cml-scratch/amishab/equibot
[2025-05-16 00:37:03,741][__main__][INFO] - Target output directory: /fs/nexus-projects/Sketch_VLM_RL/equibit
[2025-05-16 00:37:03,741][__main__][INFO] - Changed working directory to: /fs/nexus-projects/Sketch_VLM_RL/equibit
[2025-05-16 00:37:03,742][__main__][WARNING] - Hydra config directory not found at /fs/cml-scratch/amishab/equibot/.hydra
[2025-05-16 00:37:03,750][__main__][ERROR] - Failed to initialize wandb: Interpolation key 'env.args.obs_mode' not found
    full_key: evaluation....model.obs_mode
    object_type=dict
[2025-05-16 00:37:03,750][__main__][ERROR] - Failed to initialize wandb: Interpolation key 'env.args.obs_mode' not found
    full_key: evaluation....model.obs_mode
    object_type=dict
[2025-05-16 00:37:03,753][__main__][ERROR] - Failed to initialize wandb: Interpolation key 'env.args.obs_mode' not found
    full_key: evaluation....model.obs_mode
    object_type=dict
[2025-05-16 00:37:03,754][__main__][ERROR] - Failed to initialize wandb: Interpolation key 'env.args.obs_mode' not found
    full_key: evaluation....model.obs_mode
    object_type=dict
[2025-05-16 00:37:15,631][__main__][INFO] - Initialized dataloader with 6447 samples
[2025-05-16 00:37:15,631][__main__][INFO] - Initialized dataloader with 6447 samples
[2025-05-16 00:37:18,113][__main__][INFO] - Initialized dataloader with 7626 samples
[2025-05-16 00:37:18,114][__main__][INFO] - Initialized dataloader with 7626 samples
[2025-05-16 00:37:37,405][__main__][INFO] - Initialized evaluation environment
[2025-05-16 00:37:37,585][__main__][INFO] - Initialized evaluation environment
[2025-05-16 00:37:39,542][__main__][INFO] - Initialized evaluation environment
[2025-05-16 00:37:40,046][__main__][INFO] - Initialized evaluation environment
[2025-05-16 00:37:41,359][equibot.policies.utils.equivariant_diffusion.conditional_unet1d][INFO] - number of parameters: 6.835328e+07
[2025-05-16 00:37:41,364][equibot.policies.utils.equivariant_diffusion.conditional_unet1d][INFO] - number of parameters: 6.835328e+07
[2025-05-16 00:37:41,952][equibot.policies.utils.equivariant_diffusion.conditional_unet1d][INFO] - number of parameters: 6.835328e+07
[2025-05-16 00:37:42,491][equibot.policies.utils.equivariant_diffusion.conditional_unet1d][INFO] - number of parameters: 6.835328e+07
