[2025-05-16 15:39:01,325][__main__][INFO] - Starting training...
[2025-05-16 15:39:01,326][__main__][INFO] - Original Hydra directory: /fs/cml-scratch/amishab/equibot
[2025-05-16 15:39:01,326][__main__][INFO] - Target output directory: /fs/nexus-projects/Sketch_VLM_RL/equibit
[2025-05-16 15:39:01,326][__main__][INFO] - Changed working directory to: /fs/nexus-projects/Sketch_VLM_RL/equibit
[2025-05-16 15:39:01,326][__main__][WARNING] - Hydra config directory not found at /fs/cml-scratch/amishab/equibot/.hydra
[2025-05-16 15:39:01,326][__main__][INFO] - Starting training...
[2025-05-16 15:39:01,326][__main__][INFO] - Original Hydra directory: /fs/cml-scratch/amishab/equibot
[2025-05-16 15:39:01,326][__main__][INFO] - Target output directory: /fs/nexus-projects/Sketch_VLM_RL/equibit
[2025-05-16 15:39:01,327][__main__][INFO] - Changed working directory to: /fs/nexus-projects/Sketch_VLM_RL/equibit
[2025-05-16 15:39:01,327][__main__][WARNING] - Hydra config directory not found at /fs/cml-scratch/amishab/equibot/.hydra
[2025-05-16 15:39:01,327][__main__][INFO] - Starting training...
[2025-05-16 15:39:01,327][__main__][INFO] - Original Hydra directory: /fs/cml-scratch/amishab/equibot
[2025-05-16 15:39:01,327][__main__][INFO] - Target output directory: /fs/nexus-projects/Sketch_VLM_RL/equibit
[2025-05-16 15:39:01,327][__main__][INFO] - Changed working directory to: /fs/nexus-projects/Sketch_VLM_RL/equibit
[2025-05-16 15:39:01,327][__main__][WARNING] - Hydra config directory not found at /fs/cml-scratch/amishab/equibot/.hydra
[2025-05-16 15:39:01,328][__main__][INFO] - Starting training...
[2025-05-16 15:39:01,328][__main__][INFO] - Original Hydra directory: /fs/cml-scratch/amishab/equibot
[2025-05-16 15:39:01,328][__main__][INFO] - Target output directory: /fs/nexus-projects/Sketch_VLM_RL/equibit
[2025-05-16 15:39:01,328][__main__][INFO] - Changed working directory to: /fs/nexus-projects/Sketch_VLM_RL/equibit
[2025-05-16 15:39:01,328][__main__][WARNING] - Hydra config directory not found at /fs/cml-scratch/amishab/equibot/.hydra
[2025-05-16 15:39:01,336][__main__][ERROR] - Failed to initialize wandb: Interpolation key 'env.args.obs_mode' not found
    full_key: evaluation....model.obs_mode
    object_type=dict
[2025-05-16 15:39:01,337][__main__][ERROR] - Failed to initialize wandb: Interpolation key 'env.args.obs_mode' not found
    full_key: evaluation....model.obs_mode
    object_type=dict
[2025-05-16 15:39:01,337][__main__][ERROR] - Failed to initialize wandb: Interpolation key 'env.args.obs_mode' not found
    full_key: evaluation....model.obs_mode
    object_type=dict
[2025-05-16 15:39:01,338][__main__][ERROR] - Failed to initialize wandb: Interpolation key 'env.args.obs_mode' not found
    full_key: evaluation....model.obs_mode
    object_type=dict
[2025-05-16 15:40:19,726][__main__][INFO] - Initialized dataloader with 3133 samples
[2025-05-16 15:40:42,492][__main__][INFO] - Initialized evaluation environment
[2025-05-16 15:40:54,856][equibot.policies.utils.equivariant_diffusion.conditional_unet1d][INFO] - number of parameters: 6.835328e+07
[2025-05-16 15:40:55,232][__main__][INFO] - Starting training from scratch
[2025-05-16 15:41:11,416][__main__][INFO] - Initialized dataloader with 6447 samples
[2025-05-16 15:41:11,416][__main__][INFO] - Initialized dataloader with 6447 samples
[2025-05-16 15:41:11,416][__main__][INFO] - Initialized dataloader with 6447 samples
[2025-05-16 15:41:41,784][__main__][INFO] - Initialized evaluation environment
[2025-05-16 15:41:41,784][__main__][INFO] - Initialized evaluation environment
[2025-05-16 15:41:41,797][__main__][INFO] - Initialized evaluation environment
[2025-05-16 15:41:44,759][equibot.policies.utils.equivariant_diffusion.conditional_unet1d][INFO] - number of parameters: 6.835328e+07
[2025-05-16 15:41:44,775][equibot.policies.utils.equivariant_diffusion.conditional_unet1d][INFO] - number of parameters: 6.835328e+07
[2025-05-16 15:41:44,783][equibot.policies.utils.equivariant_diffusion.conditional_unet1d][INFO] - number of parameters: 6.835328e+07
[2025-05-16 15:41:45,068][__main__][INFO] - Starting training from scratch
[2025-05-16 15:41:45,081][__main__][INFO] - Starting training from scratch
[2025-05-16 15:41:45,087][__main__][INFO] - Starting training from scratch
