[2025-05-16 00:09:57,242][__main__][INFO] - Starting training...
[2025-05-16 00:09:57,242][__main__][INFO] - Original Hydra directory: /fs/cml-scratch/amishab/equibot
[2025-05-16 00:09:57,242][__main__][INFO] - Target output directory: /fs/nexus-projects/Sketch_VLM_RL/equibit
[2025-05-16 00:09:57,242][__main__][INFO] - Changed working directory to: /fs/nexus-projects/Sketch_VLM_RL/equibit
[2025-05-16 00:09:57,242][__main__][INFO] - Starting training...
[2025-05-16 00:09:57,242][__main__][INFO] - Original Hydra directory: /fs/cml-scratch/amishab/equibot
[2025-05-16 00:09:57,242][__main__][WARNING] - Hydra config directory not found at /fs/cml-scratch/amishab/equibot/.hydra
[2025-05-16 00:09:57,242][__main__][INFO] - Target output directory: /fs/nexus-projects/Sketch_VLM_RL/equibit
[2025-05-16 00:09:57,242][__main__][INFO] - Changed working directory to: /fs/nexus-projects/Sketch_VLM_RL/equibit
[2025-05-16 00:09:57,242][__main__][WARNING] - Hydra config directory not found at /fs/cml-scratch/amishab/equibot/.hydra
[2025-05-16 00:09:57,251][__main__][ERROR] - Failed to initialize wandb: Interpolation key 'env.args.obs_mode' not found
    full_key: evaluation....model.obs_mode
    object_type=dict
[2025-05-16 00:09:57,251][__main__][ERROR] - Failed to initialize wandb: Interpolation key 'env.args.obs_mode' not found
    full_key: evaluation....model.obs_mode
    object_type=dict
[2025-05-16 00:10:11,024][__main__][INFO] - Initialized dataloader with 3133 samples
[2025-05-16 00:10:18,966][__main__][INFO] - Initialized dataloader with 6447 samples
[2025-05-16 00:10:30,932][__main__][INFO] - Initialized evaluation environment
[2025-05-16 00:10:44,905][__main__][INFO] - Initialized evaluation environment
