[2025-05-16 00:10:13,750][__main__][INFO] - Starting training...
[2025-05-16 00:10:13,751][__main__][INFO] - Original Hydra directory: /fs/cml-scratch/amishab/equibot
[2025-05-16 00:10:13,751][__main__][INFO] - Target output directory: /fs/nexus-projects/Sketch_VLM_RL/equibit
[2025-05-16 00:10:13,751][__main__][INFO] - Changed working directory to: /fs/nexus-projects/Sketch_VLM_RL/equibit
[2025-05-16 00:10:13,751][__main__][WARNING] - Hydra config directory not found at /fs/cml-scratch/amishab/equibot/.hydra
[2025-05-16 00:10:13,751][__main__][INFO] - Starting training...
[2025-05-16 00:10:13,751][__main__][INFO] - Original Hydra directory: /fs/cml-scratch/amishab/equibot
[2025-05-16 00:10:13,751][__main__][INFO] - Target output directory: /fs/nexus-projects/Sketch_VLM_RL/equibit
[2025-05-16 00:10:13,751][__main__][INFO] - Changed working directory to: /fs/nexus-projects/Sketch_VLM_RL/equibit
[2025-05-16 00:10:13,751][__main__][WARNING] - Hydra config directory not found at /fs/cml-scratch/amishab/equibot/.hydra
[2025-05-16 00:10:13,752][__main__][INFO] - Starting training...
[2025-05-16 00:10:13,752][__main__][INFO] - Original Hydra directory: /fs/cml-scratch/amishab/equibot
[2025-05-16 00:10:13,752][__main__][INFO] - Target output directory: /fs/nexus-projects/Sketch_VLM_RL/equibit
[2025-05-16 00:10:13,752][__main__][INFO] - Changed working directory to: /fs/nexus-projects/Sketch_VLM_RL/equibit
[2025-05-16 00:10:13,752][__main__][WARNING] - Hydra config directory not found at /fs/cml-scratch/amishab/equibot/.hydra
[2025-05-16 00:10:13,752][__main__][INFO] - Starting training...
[2025-05-16 00:10:13,753][__main__][INFO] - Original Hydra directory: /fs/cml-scratch/amishab/equibot
[2025-05-16 00:10:13,753][__main__][INFO] - Target output directory: /fs/nexus-projects/Sketch_VLM_RL/equibit
[2025-05-16 00:10:13,753][__main__][INFO] - Changed working directory to: /fs/nexus-projects/Sketch_VLM_RL/equibit
[2025-05-16 00:10:13,753][__main__][WARNING] - Hydra config directory not found at /fs/cml-scratch/amishab/equibot/.hydra
[2025-05-16 00:10:13,761][__main__][ERROR] - Failed to initialize wandb: Interpolation key 'env.args.obs_mode' not found
    full_key: evaluation....model.obs_mode
    object_type=dict
[2025-05-16 00:10:13,761][__main__][ERROR] - Failed to initialize wandb: Interpolation key 'env.args.obs_mode' not found
    full_key: evaluation....model.obs_mode
    object_type=dict
[2025-05-16 00:10:13,762][__main__][ERROR] - Failed to initialize wandb: Interpolation key 'env.args.obs_mode' not found
    full_key: evaluation....model.obs_mode
    object_type=dict
[2025-05-16 00:10:13,763][__main__][ERROR] - Failed to initialize wandb: Interpolation key 'env.args.obs_mode' not found
    full_key: evaluation....model.obs_mode
    object_type=dict
[2025-05-16 00:11:15,540][__main__][INFO] - Initialized dataloader with 3133 samples
[2025-05-16 00:11:15,540][__main__][INFO] - Initialized dataloader with 3133 samples
[2025-05-16 00:11:15,540][__main__][INFO] - Initialized dataloader with 3133 samples
[2025-05-16 00:11:37,909][__main__][INFO] - Initialized evaluation environment
[2025-05-16 00:11:37,909][__main__][INFO] - Initialized evaluation environment
[2025-05-16 00:11:37,909][__main__][INFO] - Initialized evaluation environment
[2025-05-16 00:12:16,089][__main__][INFO] - Initialized dataloader with 7626 samples
[2025-05-16 00:12:34,762][__main__][INFO] - Initialized evaluation environment
