[2025-05-16 00:10:08,491][__main__][INFO] - Starting training...
[2025-05-16 00:10:08,491][__main__][INFO] - Original Hydra directory: /fs/cml-scratch/amishab/equibot
[2025-05-16 00:10:08,491][__main__][INFO] - Target output directory: /fs/nexus-projects/Sketch_VLM_RL/equibit
[2025-05-16 00:10:08,491][__main__][INFO] - Changed working directory to: /fs/nexus-projects/Sketch_VLM_RL/equibit
[2025-05-16 00:10:08,492][__main__][WARNING] - Hydra config directory not found at /fs/cml-scratch/amishab/equibot/.hydra
[2025-05-16 00:10:08,495][__main__][INFO] - Starting training...
[2025-05-16 00:10:08,495][__main__][INFO] - Original Hydra directory: /fs/cml-scratch/amishab/equibot
[2025-05-16 00:10:08,495][__main__][INFO] - Target output directory: /fs/nexus-projects/Sketch_VLM_RL/equibit
[2025-05-16 00:10:08,495][__main__][INFO] - Changed working directory to: /fs/nexus-projects/Sketch_VLM_RL/equibit
[2025-05-16 00:10:08,495][__main__][WARNING] - Hydra config directory not found at /fs/cml-scratch/amishab/equibot/.hydra
[2025-05-16 00:10:08,500][__main__][ERROR] - Failed to initialize wandb: Interpolation key 'env.args.obs_mode' not found
    full_key: evaluation....model.obs_mode
    object_type=dict
[2025-05-16 00:10:08,504][__main__][ERROR] - Failed to initialize wandb: Interpolation key 'env.args.obs_mode' not found
    full_key: evaluation....model.obs_mode
    object_type=dict
[2025-05-16 00:10:23,903][__main__][INFO] - Initialized dataloader with 7626 samples
[2025-05-16 00:10:23,903][__main__][INFO] - Initialized dataloader with 7626 samples
[2025-05-16 00:10:42,461][__main__][INFO] - Initialized evaluation environment
[2025-05-16 00:10:42,461][__main__][INFO] - Initialized evaluation environment
