[2025-05-16 09:57:04,145][__main__][INFO] - Starting training...
[2025-05-16 09:57:04,146][__main__][INFO] - Original Hydra directory: /fs/cml-scratch/amishab/equibot
[2025-05-16 09:57:04,146][__main__][INFO] - Target output directory: /fs/nexus-projects/Sketch_VLM_RL/equibit
[2025-05-16 09:57:04,146][__main__][INFO] - Changed working directory to: /fs/nexus-projects/Sketch_VLM_RL/equibit
[2025-05-16 09:57:04,146][__main__][INFO] - Starting training...
[2025-05-16 09:57:04,146][__main__][INFO] - Original Hydra directory: /fs/cml-scratch/amishab/equibot
[2025-05-16 09:57:04,146][__main__][INFO] - Target output directory: /fs/nexus-projects/Sketch_VLM_RL/equibit
[2025-05-16 09:57:04,147][__main__][INFO] - Changed working directory to: /fs/nexus-projects/Sketch_VLM_RL/equibit
[2025-05-16 09:57:04,147][__main__][WARNING] - Hydra config directory not found at /fs/cml-scratch/amishab/equibot/.hydra
[2025-05-16 09:57:04,147][__main__][WARNING] - Hydra config directory not found at /fs/cml-scratch/amishab/equibot/.hydra
[2025-05-16 09:57:04,146][__main__][INFO] - Starting training...
[2025-05-16 09:57:04,147][__main__][INFO] - Original Hydra directory: /fs/cml-scratch/amishab/equibot
[2025-05-16 09:57:04,147][__main__][INFO] - Target output directory: /fs/nexus-projects/Sketch_VLM_RL/equibit
[2025-05-16 09:57:04,147][__main__][INFO] - Changed working directory to: /fs/nexus-projects/Sketch_VLM_RL/equibit
[2025-05-16 09:57:04,147][__main__][WARNING] - Hydra config directory not found at /fs/cml-scratch/amishab/equibot/.hydra
[2025-05-16 09:57:04,147][__main__][INFO] - Starting training...
[2025-05-16 09:57:04,148][__main__][INFO] - Original Hydra directory: /fs/cml-scratch/amishab/equibot
[2025-05-16 09:57:04,148][__main__][INFO] - Target output directory: /fs/nexus-projects/Sketch_VLM_RL/equibit
[2025-05-16 09:57:04,148][__main__][INFO] - Changed working directory to: /fs/nexus-projects/Sketch_VLM_RL/equibit
[2025-05-16 09:57:04,148][__main__][WARNING] - Hydra config directory not found at /fs/cml-scratch/amishab/equibot/.hydra
[2025-05-16 09:57:04,160][__main__][ERROR] - Failed to initialize wandb: Interpolation key 'env.args.obs_mode' not found
    full_key: evaluation....model.obs_mode
    object_type=dict
[2025-05-16 09:57:04,160][__main__][ERROR] - Failed to initialize wandb: Interpolation key 'env.args.obs_mode' not found
    full_key: evaluation....model.obs_mode
    object_type=dict
[2025-05-16 09:57:04,161][__main__][ERROR] - Failed to initialize wandb: Interpolation key 'env.args.obs_mode' not found
    full_key: evaluation....model.obs_mode
    object_type=dict
[2025-05-16 09:57:04,162][__main__][ERROR] - Failed to initialize wandb: Interpolation key 'env.args.obs_mode' not found
    full_key: evaluation....model.obs_mode
    object_type=dict
[2025-05-16 09:58:26,908][__main__][INFO] - Initialized dataloader with 3133 samples
[2025-05-16 09:58:26,908][__main__][INFO] - Initialized dataloader with 3133 samples
[2025-05-16 09:58:49,858][__main__][INFO] - Initialized evaluation environment
[2025-05-16 09:58:49,858][__main__][INFO] - Initialized evaluation environment
[2025-05-16 09:59:02,981][equibot.policies.utils.equivariant_diffusion.conditional_unet1d][INFO] - number of parameters: 6.835328e+07
[2025-05-16 09:59:03,026][equibot.policies.utils.equivariant_diffusion.conditional_unet1d][INFO] - number of parameters: 6.835328e+07
[2025-05-16 09:59:18,566][__main__][INFO] - Initialized dataloader with 6447 samples
[2025-05-16 09:59:18,566][__main__][INFO] - Initialized dataloader with 6447 samples
[2025-05-16 09:59:48,494][__main__][INFO] - Initialized evaluation environment
[2025-05-16 09:59:48,500][__main__][INFO] - Initialized evaluation environment
[2025-05-16 09:59:51,964][equibot.policies.utils.equivariant_diffusion.conditional_unet1d][INFO] - number of parameters: 6.835328e+07
[2025-05-16 09:59:51,974][equibot.policies.utils.equivariant_diffusion.conditional_unet1d][INFO] - number of parameters: 6.835328e+07
