[2025-05-16 09:57:02,792][__main__][INFO] - Starting training...
[2025-05-16 09:57:02,792][__main__][INFO] - Original Hydra directory: /fs/cml-scratch/amishab/equibot
[2025-05-16 09:57:02,792][__main__][INFO] - Target output directory: /fs/nexus-projects/Sketch_VLM_RL/equibit
[2025-05-16 09:57:02,792][__main__][INFO] - Changed working directory to: /fs/nexus-projects/Sketch_VLM_RL/equibit
[2025-05-16 09:57:02,793][__main__][INFO] - Starting training...
[2025-05-16 09:57:02,793][__main__][INFO] - Original Hydra directory: /fs/cml-scratch/amishab/equibot
[2025-05-16 09:57:02,793][__main__][INFO] - Target output directory: /fs/nexus-projects/Sketch_VLM_RL/equibit
[2025-05-16 09:57:02,793][__main__][INFO] - Changed working directory to: /fs/nexus-projects/Sketch_VLM_RL/equibit
[2025-05-16 09:57:02,793][__main__][INFO] - Starting training...
[2025-05-16 09:57:02,793][__main__][INFO] - Original Hydra directory: /fs/cml-scratch/amishab/equibot
[2025-05-16 09:57:02,793][__main__][WARNING] - Hydra config directory not found at /fs/cml-scratch/amishab/equibot/.hydra
[2025-05-16 09:57:02,793][__main__][INFO] - Target output directory: /fs/nexus-projects/Sketch_VLM_RL/equibit
[2025-05-16 09:57:02,793][__main__][WARNING] - Hydra config directory not found at /fs/cml-scratch/amishab/equibot/.hydra
[2025-05-16 09:57:02,793][__main__][INFO] - Changed working directory to: /fs/nexus-projects/Sketch_VLM_RL/equibit
[2025-05-16 09:57:02,794][__main__][WARNING] - Hydra config directory not found at /fs/cml-scratch/amishab/equibot/.hydra
[2025-05-16 09:57:02,794][__main__][INFO] - Starting training...
[2025-05-16 09:57:02,794][__main__][INFO] - Original Hydra directory: /fs/cml-scratch/amishab/equibot
[2025-05-16 09:57:02,794][__main__][INFO] - Target output directory: /fs/nexus-projects/Sketch_VLM_RL/equibit
[2025-05-16 09:57:02,794][__main__][INFO] - Changed working directory to: /fs/nexus-projects/Sketch_VLM_RL/equibit
[2025-05-16 09:57:02,794][__main__][WARNING] - Hydra config directory not found at /fs/cml-scratch/amishab/equibot/.hydra
[2025-05-16 09:57:02,803][__main__][ERROR] - Failed to initialize wandb: Interpolation key 'env.args.obs_mode' not found
    full_key: evaluation....model.obs_mode
    object_type=dict
[2025-05-16 09:57:02,803][__main__][ERROR] - Failed to initialize wandb: Interpolation key 'env.args.obs_mode' not found
    full_key: evaluation....model.obs_mode
    object_type=dict
[2025-05-16 09:57:02,803][__main__][ERROR] - Failed to initialize wandb: Interpolation key 'env.args.obs_mode' not found
    full_key: evaluation....model.obs_mode
    object_type=dict
[2025-05-16 09:57:02,804][__main__][ERROR] - Failed to initialize wandb: Interpolation key 'env.args.obs_mode' not found
    full_key: evaluation....model.obs_mode
    object_type=dict
[2025-05-16 09:59:28,413][__main__][INFO] - Initialized dataloader with 6447 samples
[2025-05-16 09:59:28,413][__main__][INFO] - Initialized dataloader with 6447 samples
[2025-05-16 09:59:38,372][__main__][INFO] - Initialized dataloader with 7626 samples
[2025-05-16 09:59:38,372][__main__][INFO] - Initialized dataloader with 7626 samples
[2025-05-16 09:59:58,864][__main__][INFO] - Initialized evaluation environment
[2025-05-16 09:59:59,127][__main__][INFO] - Initialized evaluation environment
[2025-05-16 09:59:59,460][__main__][INFO] - Initialized evaluation environment
[2025-05-16 10:00:00,557][__main__][INFO] - Initialized evaluation environment
[2025-05-16 10:00:04,750][equibot.policies.utils.equivariant_diffusion.conditional_unet1d][INFO] - number of parameters: 6.835328e+07
[2025-05-16 10:00:04,754][equibot.policies.utils.equivariant_diffusion.conditional_unet1d][INFO] - number of parameters: 6.835328e+07
[2025-05-16 10:00:04,756][equibot.policies.utils.equivariant_diffusion.conditional_unet1d][INFO] - number of parameters: 6.835328e+07
[2025-05-16 10:00:04,761][equibot.policies.utils.equivariant_diffusion.conditional_unet1d][INFO] - number of parameters: 6.835328e+07
