[2025-05-16 15:39:00,673][__main__][INFO] - Starting training...
[2025-05-16 15:39:00,673][__main__][INFO] - Original Hydra directory: /fs/cml-scratch/amishab/equibot
[2025-05-16 15:39:00,673][__main__][INFO] - Target output directory: /fs/nexus-projects/Sketch_VLM_RL/equibit
[2025-05-16 15:39:00,673][__main__][INFO] - Changed working directory to: /fs/nexus-projects/Sketch_VLM_RL/equibit
[2025-05-16 15:39:00,674][__main__][WARNING] - Hydra config directory not found at /fs/cml-scratch/amishab/equibot/.hydra
[2025-05-16 15:39:00,674][__main__][INFO] - Starting training...
[2025-05-16 15:39:00,674][__main__][INFO] - Original Hydra directory: /fs/cml-scratch/amishab/equibot
[2025-05-16 15:39:00,674][__main__][INFO] - Target output directory: /fs/nexus-projects/Sketch_VLM_RL/equibit
[2025-05-16 15:39:00,674][__main__][INFO] - Changed working directory to: /fs/nexus-projects/Sketch_VLM_RL/equibit
[2025-05-16 15:39:00,674][__main__][WARNING] - Hydra config directory not found at /fs/cml-scratch/amishab/equibot/.hydra
[2025-05-16 15:39:00,682][__main__][ERROR] - Failed to initialize wandb: Interpolation key 'env.args.obs_mode' not found
    full_key: evaluation....model.obs_mode
    object_type=dict
[2025-05-16 15:39:00,682][__main__][ERROR] - Failed to initialize wandb: Interpolation key 'env.args.obs_mode' not found
    full_key: evaluation....model.obs_mode
    object_type=dict
[2025-05-16 15:40:21,661][__main__][INFO] - Initialized dataloader with 3133 samples
[2025-05-16 15:40:41,963][__main__][INFO] - Initialized evaluation environment
[2025-05-16 15:40:55,319][equibot.policies.utils.equivariant_diffusion.conditional_unet1d][INFO] - number of parameters: 6.835328e+07
[2025-05-16 15:40:55,628][__main__][INFO] - Starting training from scratch
[2025-05-16 15:41:36,200][__main__][INFO] - Initialized dataloader with 7626 samples
[2025-05-16 15:41:54,068][__main__][INFO] - Initialized evaluation environment
[2025-05-16 15:41:56,628][equibot.policies.utils.equivariant_diffusion.conditional_unet1d][INFO] - number of parameters: 6.835328e+07
[2025-05-16 15:41:57,048][__main__][INFO] - Starting training from scratch
