[2025-05-16 14:58:52,335][__main__][INFO] - Starting training...
[2025-05-16 14:58:52,335][__main__][INFO] - Original Hydra directory: /fs/cml-scratch/amishab/equibot
[2025-05-16 14:58:52,335][__main__][INFO] - Target output directory: /fs/nexus-projects/Sketch_VLM_RL/equibit
[2025-05-16 14:58:52,335][__main__][INFO] - Changed working directory to: /fs/nexus-projects/Sketch_VLM_RL/equibit
[2025-05-16 14:58:52,335][__main__][INFO] - Starting training...
[2025-05-16 14:58:52,336][__main__][INFO] - Original Hydra directory: /fs/cml-scratch/amishab/equibot
[2025-05-16 14:58:52,336][__main__][WARNING] - Hydra config directory not found at /fs/cml-scratch/amishab/equibot/.hydra
[2025-05-16 14:58:52,336][__main__][INFO] - Target output directory: /fs/nexus-projects/Sketch_VLM_RL/equibit
[2025-05-16 14:58:52,336][__main__][INFO] - Changed working directory to: /fs/nexus-projects/Sketch_VLM_RL/equibit
[2025-05-16 14:58:52,336][__main__][WARNING] - Hydra config directory not found at /fs/cml-scratch/amishab/equibot/.hydra
[2025-05-16 14:58:52,336][__main__][INFO] - Starting training...
[2025-05-16 14:58:52,336][__main__][INFO] - Original Hydra directory: /fs/cml-scratch/amishab/equibot
[2025-05-16 14:58:52,336][__main__][INFO] - Target output directory: /fs/nexus-projects/Sketch_VLM_RL/equibit
[2025-05-16 14:58:52,336][__main__][INFO] - Changed working directory to: /fs/nexus-projects/Sketch_VLM_RL/equibit
[2025-05-16 14:58:52,336][__main__][WARNING] - Hydra config directory not found at /fs/cml-scratch/amishab/equibot/.hydra
[2025-05-16 14:58:52,337][__main__][INFO] - Starting training...
[2025-05-16 14:58:52,337][__main__][INFO] - Original Hydra directory: /fs/cml-scratch/amishab/equibot
[2025-05-16 14:58:52,337][__main__][INFO] - Target output directory: /fs/nexus-projects/Sketch_VLM_RL/equibit
[2025-05-16 14:58:52,337][__main__][INFO] - Changed working directory to: /fs/nexus-projects/Sketch_VLM_RL/equibit
[2025-05-16 14:58:52,337][__main__][WARNING] - Hydra config directory not found at /fs/cml-scratch/amishab/equibot/.hydra
[2025-05-16 14:58:52,346][__main__][ERROR] - Failed to initialize wandb: Interpolation key 'env.args.obs_mode' not found
    full_key: evaluation....model.obs_mode
    object_type=dict
[2025-05-16 14:58:52,346][__main__][ERROR] - Failed to initialize wandb: Interpolation key 'env.args.obs_mode' not found
    full_key: evaluation....model.obs_mode
    object_type=dict
[2025-05-16 14:58:52,346][__main__][ERROR] - Failed to initialize wandb: Interpolation key 'env.args.obs_mode' not found
    full_key: evaluation....model.obs_mode
    object_type=dict
[2025-05-16 14:58:52,347][__main__][ERROR] - Failed to initialize wandb: Interpolation key 'env.args.obs_mode' not found
    full_key: evaluation....model.obs_mode
    object_type=dict
[2025-05-16 15:01:36,477][__main__][INFO] - Initialized dataloader with 6447 samples
[2025-05-16 15:01:36,477][__main__][INFO] - Initialized dataloader with 6447 samples
[2025-05-16 15:01:36,477][__main__][INFO] - Initialized dataloader with 6447 samples
[2025-05-16 15:01:52,077][__main__][INFO] - Initialized dataloader with 7626 samples
[2025-05-16 15:02:09,323][__main__][INFO] - Initialized evaluation environment
[2025-05-16 15:02:09,325][__main__][INFO] - Initialized evaluation environment
[2025-05-16 15:02:09,407][__main__][INFO] - Initialized evaluation environment
[2025-05-16 15:02:12,912][__main__][INFO] - Initialized evaluation environment
[2025-05-16 15:02:13,440][equibot.policies.utils.equivariant_diffusion.conditional_unet1d][INFO] - number of parameters: 6.835328e+07
[2025-05-16 15:02:13,441][equibot.policies.utils.equivariant_diffusion.conditional_unet1d][INFO] - number of parameters: 6.835328e+07
[2025-05-16 15:02:13,446][equibot.policies.utils.equivariant_diffusion.conditional_unet1d][INFO] - number of parameters: 6.835328e+07
[2025-05-16 15:02:13,794][__main__][INFO] - Starting training from scratch
[2025-05-16 15:02:13,808][__main__][INFO] - Starting training from scratch
[2025-05-16 15:02:13,812][__main__][INFO] - Starting training from scratch
[2025-05-16 15:02:15,522][equibot.policies.utils.equivariant_diffusion.conditional_unet1d][INFO] - number of parameters: 6.835328e+07
[2025-05-16 15:02:15,956][__main__][INFO] - Starting training from scratch
