[2025-05-16 10:41:45,480][__main__][INFO] - Starting training...
[2025-05-16 10:41:45,480][__main__][INFO] - Original Hydra directory: /fs/cml-scratch/amishab/equibot
[2025-05-16 10:41:45,480][__main__][INFO] - Target output directory: /fs/nexus-projects/Sketch_VLM_RL/equibit
[2025-05-16 10:41:45,480][__main__][INFO] - Changed working directory to: /fs/nexus-projects/Sketch_VLM_RL/equibit
[2025-05-16 10:41:45,480][__main__][WARNING] - Hydra config directory not found at /fs/cml-scratch/amishab/equibot/.hydra
[2025-05-16 10:41:45,481][__main__][INFO] - Starting training...
[2025-05-16 10:41:45,481][__main__][INFO] - Original Hydra directory: /fs/cml-scratch/amishab/equibot
[2025-05-16 10:41:45,481][__main__][INFO] - Target output directory: /fs/nexus-projects/Sketch_VLM_RL/equibit
[2025-05-16 10:41:45,481][__main__][INFO] - Changed working directory to: /fs/nexus-projects/Sketch_VLM_RL/equibit
[2025-05-16 10:41:45,481][__main__][WARNING] - Hydra config directory not found at /fs/cml-scratch/amishab/equibot/.hydra
[2025-05-16 10:41:45,481][__main__][INFO] - Starting training...
[2025-05-16 10:41:45,481][__main__][INFO] - Original Hydra directory: /fs/cml-scratch/amishab/equibot
[2025-05-16 10:41:45,481][__main__][INFO] - Target output directory: /fs/nexus-projects/Sketch_VLM_RL/equibit
[2025-05-16 10:41:45,482][__main__][INFO] - Changed working directory to: /fs/nexus-projects/Sketch_VLM_RL/equibit
[2025-05-16 10:41:45,482][__main__][WARNING] - Hydra config directory not found at /fs/cml-scratch/amishab/equibot/.hydra
[2025-05-16 10:41:45,482][__main__][INFO] - Starting training...
[2025-05-16 10:41:45,483][__main__][INFO] - Original Hydra directory: /fs/cml-scratch/amishab/equibot
[2025-05-16 10:41:45,483][__main__][INFO] - Target output directory: /fs/nexus-projects/Sketch_VLM_RL/equibit
[2025-05-16 10:41:45,483][__main__][INFO] - Changed working directory to: /fs/nexus-projects/Sketch_VLM_RL/equibit
[2025-05-16 10:41:45,483][__main__][WARNING] - Hydra config directory not found at /fs/cml-scratch/amishab/equibot/.hydra
[2025-05-16 10:41:45,491][__main__][ERROR] - Failed to initialize wandb: Interpolation key 'env.args.obs_mode' not found
    full_key: evaluation....model.obs_mode
    object_type=dict
[2025-05-16 10:41:45,491][__main__][ERROR] - Failed to initialize wandb: Interpolation key 'env.args.obs_mode' not found
    full_key: evaluation....model.obs_mode
    object_type=dict
[2025-05-16 10:41:45,492][__main__][ERROR] - Failed to initialize wandb: Interpolation key 'env.args.obs_mode' not found
    full_key: evaluation....model.obs_mode
    object_type=dict
[2025-05-16 10:41:45,493][__main__][ERROR] - Failed to initialize wandb: Interpolation key 'env.args.obs_mode' not found
    full_key: evaluation....model.obs_mode
    object_type=dict
[2025-05-16 10:41:56,856][__main__][INFO] - Initialized dataloader with 6447 samples
[2025-05-16 10:41:58,641][__main__][INFO] - Initialized dataloader with 7626 samples
[2025-05-16 10:41:58,641][__main__][INFO] - Initialized dataloader with 7626 samples
[2025-05-16 10:41:58,641][__main__][INFO] - Initialized dataloader with 7626 samples
[2025-05-16 10:42:19,134][__main__][INFO] - Initialized evaluation environment
[2025-05-16 10:42:19,167][__main__][INFO] - Initialized evaluation environment
[2025-05-16 10:42:19,254][__main__][INFO] - Initialized evaluation environment
[2025-05-16 10:42:21,393][__main__][INFO] - Initialized evaluation environment
[2025-05-16 10:42:22,904][equibot.policies.utils.equivariant_diffusion.conditional_unet1d][INFO] - number of parameters: 6.835328e+07
[2025-05-16 10:42:22,918][equibot.policies.utils.equivariant_diffusion.conditional_unet1d][INFO] - number of parameters: 6.835328e+07
[2025-05-16 10:42:22,932][equibot.policies.utils.equivariant_diffusion.conditional_unet1d][INFO] - number of parameters: 6.835328e+07
[2025-05-16 10:42:23,590][__main__][INFO] - Starting training from scratch
[2025-05-16 10:42:23,590][__main__][INFO] - Starting training from scratch
[2025-05-16 10:42:23,590][__main__][INFO] - Starting training from scratch
[2025-05-16 10:42:24,111][equibot.policies.utils.equivariant_diffusion.conditional_unet1d][INFO] - number of parameters: 6.835328e+07
[2025-05-16 10:42:24,475][__main__][INFO] - Starting training from scratch
