[2025-05-16 09:56:55,161][__main__][INFO] - Starting training...
[2025-05-16 09:56:55,161][__main__][INFO] - Original Hydra directory: /fs/cml-scratch/amishab/equibot
[2025-05-16 09:56:55,161][__main__][INFO] - Target output directory: /fs/nexus-projects/Sketch_VLM_RL/equibit
[2025-05-16 09:56:55,162][__main__][INFO] - Changed working directory to: /fs/nexus-projects/Sketch_VLM_RL/equibit
[2025-05-16 09:56:55,162][__main__][INFO] - Starting training...
[2025-05-16 09:56:55,162][__main__][INFO] - Original Hydra directory: /fs/cml-scratch/amishab/equibot
[2025-05-16 09:56:55,162][__main__][INFO] - Target output directory: /fs/nexus-projects/Sketch_VLM_RL/equibit
[2025-05-16 09:56:55,162][__main__][WARNING] - Hydra config directory not found at /fs/cml-scratch/amishab/equibot/.hydra
[2025-05-16 09:56:55,162][__main__][INFO] - Changed working directory to: /fs/nexus-projects/Sketch_VLM_RL/equibit
[2025-05-16 09:56:55,162][__main__][WARNING] - Hydra config directory not found at /fs/cml-scratch/amishab/equibot/.hydra
[2025-05-16 09:56:55,162][__main__][INFO] - Starting training...
[2025-05-16 09:56:55,162][__main__][INFO] - Original Hydra directory: /fs/cml-scratch/amishab/equibot
[2025-05-16 09:56:55,163][__main__][INFO] - Target output directory: /fs/nexus-projects/Sketch_VLM_RL/equibit
[2025-05-16 09:56:55,163][__main__][INFO] - Changed working directory to: /fs/nexus-projects/Sketch_VLM_RL/equibit
[2025-05-16 09:56:55,163][__main__][WARNING] - Hydra config directory not found at /fs/cml-scratch/amishab/equibot/.hydra
[2025-05-16 09:56:55,163][__main__][INFO] - Starting training...
[2025-05-16 09:56:55,163][__main__][INFO] - Original Hydra directory: /fs/cml-scratch/amishab/equibot
[2025-05-16 09:56:55,163][__main__][INFO] - Target output directory: /fs/nexus-projects/Sketch_VLM_RL/equibit
[2025-05-16 09:56:55,163][__main__][INFO] - Changed working directory to: /fs/nexus-projects/Sketch_VLM_RL/equibit
[2025-05-16 09:56:55,163][__main__][WARNING] - Hydra config directory not found at /fs/cml-scratch/amishab/equibot/.hydra
[2025-05-16 09:56:55,172][__main__][ERROR] - Failed to initialize wandb: Interpolation key 'env.args.obs_mode' not found
    full_key: evaluation....model.obs_mode
    object_type=dict
[2025-05-16 09:56:55,172][__main__][ERROR] - Failed to initialize wandb: Interpolation key 'env.args.obs_mode' not found
    full_key: evaluation....model.obs_mode
    object_type=dict
[2025-05-16 09:56:55,173][__main__][ERROR] - Failed to initialize wandb: Interpolation key 'env.args.obs_mode' not found
    full_key: evaluation....model.obs_mode
    object_type=dict
[2025-05-16 09:56:55,173][__main__][ERROR] - Failed to initialize wandb: Interpolation key 'env.args.obs_mode' not found
    full_key: evaluation....model.obs_mode
    object_type=dict
[2025-05-16 09:58:23,155][__main__][INFO] - Initialized dataloader with 3133 samples
[2025-05-16 09:58:23,155][__main__][INFO] - Initialized dataloader with 3133 samples
[2025-05-16 09:58:23,155][__main__][INFO] - Initialized dataloader with 3133 samples
[2025-05-16 09:58:46,078][__main__][INFO] - Initialized evaluation environment
[2025-05-16 09:58:46,078][__main__][INFO] - Initialized evaluation environment
[2025-05-16 09:58:46,078][__main__][INFO] - Initialized evaluation environment
[2025-05-16 09:58:54,000][equibot.policies.utils.equivariant_diffusion.conditional_unet1d][INFO] - number of parameters: 6.835328e+07
[2025-05-16 09:58:54,003][equibot.policies.utils.equivariant_diffusion.conditional_unet1d][INFO] - number of parameters: 6.835328e+07
[2025-05-16 09:58:54,009][equibot.policies.utils.equivariant_diffusion.conditional_unet1d][INFO] - number of parameters: 6.835328e+07
[2025-05-16 09:59:32,163][__main__][INFO] - Initialized dataloader with 7626 samples
[2025-05-16 09:59:51,128][__main__][INFO] - Initialized evaluation environment
[2025-05-16 09:59:53,782][equibot.policies.utils.equivariant_diffusion.conditional_unet1d][INFO] - number of parameters: 6.835328e+07
