[2025-05-16 11:31:23,382][__main__][INFO] - Starting training...
[2025-05-16 11:31:23,382][__main__][INFO] - Original Hydra directory: /fs/cml-scratch/amishab/equibot
[2025-05-16 11:31:23,382][__main__][INFO] - Target output directory: /fs/nexus-projects/Sketch_VLM_RL/equibit
[2025-05-16 11:31:23,382][__main__][INFO] - Changed working directory to: /fs/nexus-projects/Sketch_VLM_RL/equibit
[2025-05-16 11:31:23,383][__main__][WARNING] - Hydra config directory not found at /fs/cml-scratch/amishab/equibot/.hydra
[2025-05-16 11:31:23,387][__main__][INFO] - Starting training...
[2025-05-16 11:31:23,388][__main__][INFO] - Original Hydra directory: /fs/cml-scratch/amishab/equibot
[2025-05-16 11:31:23,388][__main__][INFO] - Target output directory: /fs/nexus-projects/Sketch_VLM_RL/equibit
[2025-05-16 11:31:23,388][__main__][INFO] - Changed working directory to: /fs/nexus-projects/Sketch_VLM_RL/equibit
[2025-05-16 11:31:23,388][__main__][WARNING] - Hydra config directory not found at /fs/cml-scratch/amishab/equibot/.hydra
[2025-05-16 11:31:23,391][__main__][INFO] - Starting training...
[2025-05-16 11:31:23,392][__main__][INFO] - Original Hydra directory: /fs/cml-scratch/amishab/equibot
[2025-05-16 11:31:23,392][__main__][INFO] - Target output directory: /fs/nexus-projects/Sketch_VLM_RL/equibit
[2025-05-16 11:31:23,392][__main__][INFO] - Changed working directory to: /fs/nexus-projects/Sketch_VLM_RL/equibit
[2025-05-16 11:31:23,392][__main__][WARNING] - Hydra config directory not found at /fs/cml-scratch/amishab/equibot/.hydra
[2025-05-16 11:31:23,393][__main__][ERROR] - Failed to initialize wandb: Interpolation key 'env.args.obs_mode' not found
    full_key: evaluation....model.obs_mode
    object_type=dict
[2025-05-16 11:31:23,398][__main__][ERROR] - Failed to initialize wandb: Interpolation key 'env.args.obs_mode' not found
    full_key: evaluation....model.obs_mode
    object_type=dict
[2025-05-16 11:31:23,401][__main__][INFO] - Starting training...
[2025-05-16 11:31:23,402][__main__][INFO] - Original Hydra directory: /fs/cml-scratch/amishab/equibot
[2025-05-16 11:31:23,402][__main__][INFO] - Target output directory: /fs/nexus-projects/Sketch_VLM_RL/equibit
[2025-05-16 11:31:23,402][__main__][INFO] - Changed working directory to: /fs/nexus-projects/Sketch_VLM_RL/equibit
[2025-05-16 11:31:23,402][__main__][WARNING] - Hydra config directory not found at /fs/cml-scratch/amishab/equibot/.hydra
[2025-05-16 11:31:23,402][__main__][ERROR] - Failed to initialize wandb: Interpolation key 'env.args.obs_mode' not found
    full_key: evaluation....model.obs_mode
    object_type=dict
[2025-05-16 11:31:23,412][__main__][ERROR] - Failed to initialize wandb: Interpolation key 'env.args.obs_mode' not found
    full_key: evaluation....model.obs_mode
    object_type=dict
[2025-05-16 11:33:45,366][__main__][INFO] - Initialized dataloader with 6447 samples
[2025-05-16 11:33:45,366][__main__][INFO] - Initialized dataloader with 6447 samples
[2025-05-16 11:33:45,366][__main__][INFO] - Initialized dataloader with 6447 samples
[2025-05-16 11:33:58,781][__main__][INFO] - Initialized dataloader with 7626 samples
[2025-05-16 11:34:18,290][__main__][INFO] - Initialized evaluation environment
[2025-05-16 11:34:18,290][__main__][INFO] - Initialized evaluation environment
[2025-05-16 11:34:18,460][__main__][INFO] - Initialized evaluation environment
[2025-05-16 11:34:19,999][__main__][INFO] - Initialized evaluation environment
[2025-05-16 11:34:22,670][equibot.policies.utils.equivariant_diffusion.conditional_unet1d][INFO] - number of parameters: 6.835328e+07
[2025-05-16 11:34:22,670][equibot.policies.utils.equivariant_diffusion.conditional_unet1d][INFO] - number of parameters: 6.835328e+07
[2025-05-16 11:34:22,673][equibot.policies.utils.equivariant_diffusion.conditional_unet1d][INFO] - number of parameters: 6.835328e+07
[2025-05-16 11:34:22,674][equibot.policies.utils.equivariant_diffusion.conditional_unet1d][INFO] - number of parameters: 6.835328e+07
[2025-05-16 11:34:23,016][__main__][INFO] - Starting training from scratch
[2025-05-16 11:34:23,067][__main__][INFO] - Starting training from scratch
[2025-05-16 11:34:23,067][__main__][INFO] - Starting training from scratch
[2025-05-16 11:34:23,177][__main__][INFO] - Starting training from scratch
