[2025-05-16 10:33:17,100][__main__][INFO] - Starting training...
[2025-05-16 10:33:17,101][__main__][INFO] - Original Hydra directory: /fs/cml-scratch/amishab/equibot
[2025-05-16 10:33:17,102][__main__][INFO] - Target output directory: /fs/nexus-projects/Sketch_VLM_RL/equibit
[2025-05-16 10:33:17,102][__main__][INFO] - Changed working directory to: /fs/nexus-projects/Sketch_VLM_RL/equibit
[2025-05-16 10:33:17,102][__main__][INFO] - Starting training...
[2025-05-16 10:33:17,102][__main__][INFO] - Original Hydra directory: /fs/cml-scratch/amishab/equibot
[2025-05-16 10:33:17,102][__main__][WARNING] - Hydra config directory not found at /fs/cml-scratch/amishab/equibot/.hydra
[2025-05-16 10:33:17,102][__main__][INFO] - Target output directory: /fs/nexus-projects/Sketch_VLM_RL/equibit
[2025-05-16 10:33:17,103][__main__][INFO] - Changed working directory to: /fs/nexus-projects/Sketch_VLM_RL/equibit
[2025-05-16 10:33:17,103][__main__][WARNING] - Hydra config directory not found at /fs/cml-scratch/amishab/equibot/.hydra
[2025-05-16 10:33:17,103][__main__][INFO] - Starting training...
[2025-05-16 10:33:17,104][__main__][INFO] - Original Hydra directory: /fs/cml-scratch/amishab/equibot
[2025-05-16 10:33:17,104][__main__][INFO] - Target output directory: /fs/nexus-projects/Sketch_VLM_RL/equibit
[2025-05-16 10:33:17,104][__main__][INFO] - Changed working directory to: /fs/nexus-projects/Sketch_VLM_RL/equibit
[2025-05-16 10:33:17,104][__main__][WARNING] - Hydra config directory not found at /fs/cml-scratch/amishab/equibot/.hydra
[2025-05-16 10:33:17,104][__main__][INFO] - Starting training...
[2025-05-16 10:33:17,105][__main__][INFO] - Original Hydra directory: /fs/cml-scratch/amishab/equibot
[2025-05-16 10:33:17,105][__main__][INFO] - Target output directory: /fs/nexus-projects/Sketch_VLM_RL/equibit
[2025-05-16 10:33:17,105][__main__][INFO] - Changed working directory to: /fs/nexus-projects/Sketch_VLM_RL/equibit
[2025-05-16 10:33:17,105][__main__][WARNING] - Hydra config directory not found at /fs/cml-scratch/amishab/equibot/.hydra
[2025-05-16 10:33:17,115][__main__][ERROR] - Failed to initialize wandb: Interpolation key 'env.args.obs_mode' not found
    full_key: evaluation....model.obs_mode
    object_type=dict
[2025-05-16 10:33:17,116][__main__][ERROR] - Failed to initialize wandb: Interpolation key 'env.args.obs_mode' not found
    full_key: evaluation....model.obs_mode
    object_type=dict
[2025-05-16 10:33:17,117][__main__][ERROR] - Failed to initialize wandb: Interpolation key 'env.args.obs_mode' not found
    full_key: evaluation....model.obs_mode
    object_type=dict
[2025-05-16 10:33:17,118][__main__][ERROR] - Failed to initialize wandb: Interpolation key 'env.args.obs_mode' not found
    full_key: evaluation....model.obs_mode
    object_type=dict
[2025-05-16 10:36:01,874][__main__][INFO] - Initialized dataloader with 6447 samples
[2025-05-16 10:36:01,874][__main__][INFO] - Initialized dataloader with 6447 samples
[2025-05-16 10:36:16,339][__main__][INFO] - Initialized dataloader with 7626 samples
[2025-05-16 10:36:16,339][__main__][INFO] - Initialized dataloader with 7626 samples
[2025-05-16 10:36:34,031][__main__][INFO] - Initialized evaluation environment
[2025-05-16 10:36:34,031][__main__][INFO] - Initialized evaluation environment
[2025-05-16 10:36:36,049][__main__][INFO] - Initialized evaluation environment
[2025-05-16 10:36:36,173][__main__][INFO] - Initialized evaluation environment
[2025-05-16 10:36:40,861][equibot.policies.utils.equivariant_diffusion.conditional_unet1d][INFO] - number of parameters: 6.835328e+07
[2025-05-16 10:36:40,862][equibot.policies.utils.equivariant_diffusion.conditional_unet1d][INFO] - number of parameters: 6.835328e+07
[2025-05-16 10:36:40,863][equibot.policies.utils.equivariant_diffusion.conditional_unet1d][INFO] - number of parameters: 6.835328e+07
[2025-05-16 10:36:40,866][equibot.policies.utils.equivariant_diffusion.conditional_unet1d][INFO] - number of parameters: 6.835328e+07
