[2025-05-16 00:10:16,374][__main__][INFO] - Starting training...
[2025-05-16 00:10:16,374][__main__][INFO] - Original Hydra directory: /fs/cml-scratch/amishab/equibot
[2025-05-16 00:10:16,375][__main__][INFO] - Target output directory: /fs/nexus-projects/Sketch_VLM_RL/equibit
[2025-05-16 00:10:16,375][__main__][INFO] - Changed working directory to: /fs/nexus-projects/Sketch_VLM_RL/equibit
[2025-05-16 00:10:16,376][__main__][WARNING] - Hydra config directory not found at /fs/cml-scratch/amishab/equibot/.hydra
[2025-05-16 00:10:16,376][__main__][INFO] - Starting training...
[2025-05-16 00:10:16,376][__main__][INFO] - Original Hydra directory: /fs/cml-scratch/amishab/equibot
[2025-05-16 00:10:16,376][__main__][INFO] - Target output directory: /fs/nexus-projects/Sketch_VLM_RL/equibit
[2025-05-16 00:10:16,376][__main__][INFO] - Changed working directory to: /fs/nexus-projects/Sketch_VLM_RL/equibit
[2025-05-16 00:10:16,376][__main__][WARNING] - Hydra config directory not found at /fs/cml-scratch/amishab/equibot/.hydra
[2025-05-16 00:10:16,377][__main__][INFO] - Starting training...
[2025-05-16 00:10:16,377][__main__][INFO] - Original Hydra directory: /fs/cml-scratch/amishab/equibot
[2025-05-16 00:10:16,377][__main__][INFO] - Target output directory: /fs/nexus-projects/Sketch_VLM_RL/equibit
[2025-05-16 00:10:16,377][__main__][INFO] - Changed working directory to: /fs/nexus-projects/Sketch_VLM_RL/equibit
[2025-05-16 00:10:16,377][__main__][WARNING] - Hydra config directory not found at /fs/cml-scratch/amishab/equibot/.hydra
[2025-05-16 00:10:16,378][__main__][INFO] - Starting training...
[2025-05-16 00:10:16,378][__main__][INFO] - Original Hydra directory: /fs/cml-scratch/amishab/equibot
[2025-05-16 00:10:16,378][__main__][INFO] - Target output directory: /fs/nexus-projects/Sketch_VLM_RL/equibit
[2025-05-16 00:10:16,378][__main__][INFO] - Changed working directory to: /fs/nexus-projects/Sketch_VLM_RL/equibit
[2025-05-16 00:10:16,378][__main__][WARNING] - Hydra config directory not found at /fs/cml-scratch/amishab/equibot/.hydra
[2025-05-16 00:10:16,386][__main__][ERROR] - Failed to initialize wandb: Interpolation key 'env.args.obs_mode' not found
    full_key: evaluation....model.obs_mode
    object_type=dict
[2025-05-16 00:10:16,386][__main__][ERROR] - Failed to initialize wandb: Interpolation key 'env.args.obs_mode' not found
    full_key: evaluation....model.obs_mode
    object_type=dict
[2025-05-16 00:10:16,387][__main__][ERROR] - Failed to initialize wandb: Interpolation key 'env.args.obs_mode' not found
    full_key: evaluation....model.obs_mode
    object_type=dict
[2025-05-16 00:10:16,388][__main__][ERROR] - Failed to initialize wandb: Interpolation key 'env.args.obs_mode' not found
    full_key: evaluation....model.obs_mode
    object_type=dict
[2025-05-16 00:12:00,574][__main__][INFO] - Initialized dataloader with 6447 samples
[2025-05-16 00:12:00,574][__main__][INFO] - Initialized dataloader with 6447 samples
[2025-05-16 00:12:00,574][__main__][INFO] - Initialized dataloader with 6447 samples
[2025-05-16 00:12:15,678][__main__][INFO] - Initialized dataloader with 7626 samples
[2025-05-16 00:12:30,690][__main__][INFO] - Initialized evaluation environment
[2025-05-16 00:12:30,690][__main__][INFO] - Initialized evaluation environment
[2025-05-16 00:12:30,690][__main__][INFO] - Initialized evaluation environment
[2025-05-16 00:12:36,844][__main__][INFO] - Initialized evaluation environment
