[2025-05-16 00:31:00,500][__main__][INFO] - Starting training...
[2025-05-16 00:31:00,501][__main__][INFO] - Original Hydra directory: /fs/cml-scratch/amishab/equibot
[2025-05-16 00:31:00,501][__main__][INFO] - Target output directory: /fs/nexus-projects/Sketch_VLM_RL/equibit
[2025-05-16 00:31:00,501][__main__][INFO] - Changed working directory to: /fs/nexus-projects/Sketch_VLM_RL/equibit
[2025-05-16 00:31:00,501][__main__][WARNING] - Hydra config directory not found at /fs/cml-scratch/amishab/equibot/.hydra
[2025-05-16 00:31:00,502][__main__][INFO] - Starting training...
[2025-05-16 00:31:00,502][__main__][INFO] - Original Hydra directory: /fs/cml-scratch/amishab/equibot
[2025-05-16 00:31:00,502][__main__][INFO] - Target output directory: /fs/nexus-projects/Sketch_VLM_RL/equibit
[2025-05-16 00:31:00,502][__main__][INFO] - Changed working directory to: /fs/nexus-projects/Sketch_VLM_RL/equibit
[2025-05-16 00:31:00,502][__main__][WARNING] - Hydra config directory not found at /fs/cml-scratch/amishab/equibot/.hydra
[2025-05-16 00:31:00,503][__main__][INFO] - Starting training...
[2025-05-16 00:31:00,503][__main__][INFO] - Original Hydra directory: /fs/cml-scratch/amishab/equibot
[2025-05-16 00:31:00,503][__main__][INFO] - Target output directory: /fs/nexus-projects/Sketch_VLM_RL/equibit
[2025-05-16 00:31:00,503][__main__][INFO] - Changed working directory to: /fs/nexus-projects/Sketch_VLM_RL/equibit
[2025-05-16 00:31:00,503][__main__][WARNING] - Hydra config directory not found at /fs/cml-scratch/amishab/equibot/.hydra
[2025-05-16 00:31:00,504][__main__][INFO] - Starting training...
[2025-05-16 00:31:00,504][__main__][INFO] - Original Hydra directory: /fs/cml-scratch/amishab/equibot
[2025-05-16 00:31:00,504][__main__][INFO] - Target output directory: /fs/nexus-projects/Sketch_VLM_RL/equibit
[2025-05-16 00:31:00,504][__main__][INFO] - Changed working directory to: /fs/nexus-projects/Sketch_VLM_RL/equibit
[2025-05-16 00:31:00,505][__main__][WARNING] - Hydra config directory not found at /fs/cml-scratch/amishab/equibot/.hydra
[2025-05-16 00:31:00,513][__main__][ERROR] - Failed to initialize wandb: Interpolation key 'env.args.obs_mode' not found
    full_key: evaluation....model.obs_mode
    object_type=dict
[2025-05-16 00:31:00,514][__main__][ERROR] - Failed to initialize wandb: Interpolation key 'env.args.obs_mode' not found
    full_key: evaluation....model.obs_mode
    object_type=dict
[2025-05-16 00:31:00,515][__main__][ERROR] - Failed to initialize wandb: Interpolation key 'env.args.obs_mode' not found
    full_key: evaluation....model.obs_mode
    object_type=dict
[2025-05-16 00:31:00,516][__main__][ERROR] - Failed to initialize wandb: Interpolation key 'env.args.obs_mode' not found
    full_key: evaluation....model.obs_mode
    object_type=dict
[2025-05-16 00:31:12,651][__main__][INFO] - Initialized dataloader with 6447 samples
[2025-05-16 00:31:12,651][__main__][INFO] - Initialized dataloader with 6447 samples
[2025-05-16 00:31:14,926][__main__][INFO] - Initialized dataloader with 7626 samples
[2025-05-16 00:31:14,926][__main__][INFO] - Initialized dataloader with 7626 samples
[2025-05-16 00:31:34,506][__main__][INFO] - Initialized evaluation environment
[2025-05-16 00:31:34,533][__main__][INFO] - Initialized evaluation environment
[2025-05-16 00:31:37,104][__main__][INFO] - Initialized evaluation environment
[2025-05-16 00:31:37,138][__main__][INFO] - Initialized evaluation environment
