[2025-05-16 15:39:12,081][__main__][INFO] - Starting training...
[2025-05-16 15:39:12,082][__main__][INFO] - Original Hydra directory: /fs/cml-scratch/amishab/equibot
[2025-05-16 15:39:12,082][__main__][INFO] - Target output directory: /fs/nexus-projects/Sketch_VLM_RL/equibit
[2025-05-16 15:39:12,082][__main__][INFO] - Changed working directory to: /fs/nexus-projects/Sketch_VLM_RL/equibit
[2025-05-16 15:39:12,082][__main__][INFO] - Starting training...
[2025-05-16 15:39:12,083][__main__][INFO] - Original Hydra directory: /fs/cml-scratch/amishab/equibot
[2025-05-16 15:39:12,083][__main__][INFO] - Target output directory: /fs/nexus-projects/Sketch_VLM_RL/equibit
[2025-05-16 15:39:12,083][__main__][WARNING] - Hydra config directory not found at /fs/cml-scratch/amishab/equibot/.hydra
[2025-05-16 15:39:12,083][__main__][INFO] - Changed working directory to: /fs/nexus-projects/Sketch_VLM_RL/equibit
[2025-05-16 15:39:12,083][__main__][WARNING] - Hydra config directory not found at /fs/cml-scratch/amishab/equibot/.hydra
[2025-05-16 15:39:12,083][__main__][INFO] - Starting training...
[2025-05-16 15:39:12,083][__main__][INFO] - Original Hydra directory: /fs/cml-scratch/amishab/equibot
[2025-05-16 15:39:12,084][__main__][INFO] - Target output directory: /fs/nexus-projects/Sketch_VLM_RL/equibit
[2025-05-16 15:39:12,084][__main__][INFO] - Changed working directory to: /fs/nexus-projects/Sketch_VLM_RL/equibit
[2025-05-16 15:39:12,084][__main__][WARNING] - Hydra config directory not found at /fs/cml-scratch/amishab/equibot/.hydra
[2025-05-16 15:39:12,084][__main__][INFO] - Starting training...
[2025-05-16 15:39:12,084][__main__][INFO] - Original Hydra directory: /fs/cml-scratch/amishab/equibot
[2025-05-16 15:39:12,084][__main__][INFO] - Target output directory: /fs/nexus-projects/Sketch_VLM_RL/equibit
[2025-05-16 15:39:12,084][__main__][INFO] - Changed working directory to: /fs/nexus-projects/Sketch_VLM_RL/equibit
[2025-05-16 15:39:12,084][__main__][WARNING] - Hydra config directory not found at /fs/cml-scratch/amishab/equibot/.hydra
[2025-05-16 15:39:12,097][__main__][ERROR] - Failed to initialize wandb: Interpolation key 'env.args.obs_mode' not found
    full_key: evaluation....model.obs_mode
    object_type=dict
[2025-05-16 15:39:12,098][__main__][ERROR] - Failed to initialize wandb: Interpolation key 'env.args.obs_mode' not found
    full_key: evaluation....model.obs_mode
    object_type=dict
[2025-05-16 15:39:12,098][__main__][ERROR] - Failed to initialize wandb: Interpolation key 'env.args.obs_mode' not found
    full_key: evaluation....model.obs_mode
    object_type=dict
[2025-05-16 15:39:12,098][__main__][ERROR] - Failed to initialize wandb: Interpolation key 'env.args.obs_mode' not found
    full_key: evaluation....model.obs_mode
    object_type=dict
[2025-05-16 15:41:38,039][__main__][INFO] - Initialized dataloader with 6447 samples
[2025-05-16 15:41:38,039][__main__][INFO] - Initialized dataloader with 6447 samples
[2025-05-16 15:41:38,039][__main__][INFO] - Initialized dataloader with 6447 samples
[2025-05-16 15:41:50,999][__main__][INFO] - Initialized dataloader with 7626 samples
[2025-05-16 15:42:07,850][__main__][INFO] - Initialized evaluation environment
[2025-05-16 15:42:07,850][__main__][INFO] - Initialized evaluation environment
[2025-05-16 15:42:07,851][__main__][INFO] - Initialized evaluation environment
[2025-05-16 15:42:11,195][__main__][INFO] - Initialized evaluation environment
[2025-05-16 15:42:13,781][equibot.policies.utils.equivariant_diffusion.conditional_unet1d][INFO] - number of parameters: 6.835328e+07
[2025-05-16 15:42:13,811][equibot.policies.utils.equivariant_diffusion.conditional_unet1d][INFO] - number of parameters: 6.835328e+07
[2025-05-16 15:42:13,820][equibot.policies.utils.equivariant_diffusion.conditional_unet1d][INFO] - number of parameters: 6.835328e+07
[2025-05-16 15:42:14,188][__main__][INFO] - Starting training from scratch
[2025-05-16 15:42:14,206][__main__][INFO] - Starting training from scratch
[2025-05-16 15:42:14,224][__main__][INFO] - Starting training from scratch
[2025-05-16 15:42:14,596][equibot.policies.utils.equivariant_diffusion.conditional_unet1d][INFO] - number of parameters: 6.835328e+07
[2025-05-16 15:42:15,122][__main__][INFO] - Starting training from scratch
