[2025-05-16 09:57:35,911][__main__][INFO] - Starting training...
[2025-05-16 09:57:35,911][__main__][INFO] - Original Hydra directory: /fs/cml-scratch/amishab/equibot
[2025-05-16 09:57:35,911][__main__][INFO] - Target output directory: /fs/nexus-projects/Sketch_VLM_RL/equibit
[2025-05-16 09:57:35,911][__main__][INFO] - Changed working directory to: /fs/nexus-projects/Sketch_VLM_RL/equibit
[2025-05-16 09:57:35,912][__main__][INFO] - Starting training...
[2025-05-16 09:57:35,912][__main__][WARNING] - Hydra config directory not found at /fs/cml-scratch/amishab/equibot/.hydra
[2025-05-16 09:57:35,912][__main__][INFO] - Original Hydra directory: /fs/cml-scratch/amishab/equibot
[2025-05-16 09:57:35,912][__main__][INFO] - Target output directory: /fs/nexus-projects/Sketch_VLM_RL/equibit
[2025-05-16 09:57:35,912][__main__][INFO] - Changed working directory to: /fs/nexus-projects/Sketch_VLM_RL/equibit
[2025-05-16 09:57:35,912][__main__][WARNING] - Hydra config directory not found at /fs/cml-scratch/amishab/equibot/.hydra
[2025-05-16 09:57:35,912][__main__][INFO] - Starting training...
[2025-05-16 09:57:35,912][__main__][INFO] - Original Hydra directory: /fs/cml-scratch/amishab/equibot
[2025-05-16 09:57:35,912][__main__][INFO] - Target output directory: /fs/nexus-projects/Sketch_VLM_RL/equibit
[2025-05-16 09:57:35,912][__main__][INFO] - Changed working directory to: /fs/nexus-projects/Sketch_VLM_RL/equibit
[2025-05-16 09:57:35,912][__main__][WARNING] - Hydra config directory not found at /fs/cml-scratch/amishab/equibot/.hydra
[2025-05-16 09:57:35,913][__main__][INFO] - Starting training...
[2025-05-16 09:57:35,913][__main__][INFO] - Original Hydra directory: /fs/cml-scratch/amishab/equibot
[2025-05-16 09:57:35,913][__main__][INFO] - Target output directory: /fs/nexus-projects/Sketch_VLM_RL/equibit
[2025-05-16 09:57:35,913][__main__][INFO] - Changed working directory to: /fs/nexus-projects/Sketch_VLM_RL/equibit
[2025-05-16 09:57:35,913][__main__][WARNING] - Hydra config directory not found at /fs/cml-scratch/amishab/equibot/.hydra
[2025-05-16 09:57:35,914][__main__][INFO] - Starting training...
[2025-05-16 09:57:35,915][__main__][INFO] - Original Hydra directory: /fs/cml-scratch/amishab/equibot
[2025-05-16 09:57:35,915][__main__][INFO] - Target output directory: /fs/nexus-projects/Sketch_VLM_RL/equibit
[2025-05-16 09:57:35,915][__main__][INFO] - Changed working directory to: /fs/nexus-projects/Sketch_VLM_RL/equibit
[2025-05-16 09:57:35,915][__main__][WARNING] - Hydra config directory not found at /fs/cml-scratch/amishab/equibot/.hydra
[2025-05-16 09:57:35,919][__main__][ERROR] - Failed to initialize wandb: Interpolation key 'env.args.obs_mode' not found
    full_key: evaluation....model.obs_mode
    object_type=dict
[2025-05-16 09:57:35,919][__main__][ERROR] - Failed to initialize wandb: Interpolation key 'env.args.obs_mode' not found
    full_key: evaluation....model.obs_mode
    object_type=dict
[2025-05-16 09:57:35,919][__main__][ERROR] - Failed to initialize wandb: Interpolation key 'env.args.obs_mode' not found
    full_key: evaluation....model.obs_mode
    object_type=dict
[2025-05-16 09:57:35,920][__main__][ERROR] - Failed to initialize wandb: Interpolation key 'env.args.obs_mode' not found
    full_key: evaluation....model.obs_mode
    object_type=dict
[2025-05-16 09:57:35,922][__main__][ERROR] - Failed to initialize wandb: Interpolation key 'env.args.obs_mode' not found
    full_key: evaluation....model.obs_mode
    object_type=dict
[2025-05-16 09:58:17,081][__main__][INFO] - Initialized dataloader with 6447 samples
[2025-05-16 09:58:17,081][__main__][INFO] - Initialized dataloader with 6447 samples
[2025-05-16 09:58:25,730][__main__][INFO] - Initialized dataloader with 7626 samples
[2025-05-16 09:58:25,730][__main__][INFO] - Initialized dataloader with 7626 samples
[2025-05-16 09:58:25,730][__main__][INFO] - Initialized dataloader with 7626 samples
[2025-05-16 09:58:42,117][__main__][INFO] - Initialized evaluation environment
[2025-05-16 09:58:42,289][__main__][INFO] - Initialized evaluation environment
[2025-05-16 09:58:42,595][__main__][INFO] - Initialized evaluation environment
[2025-05-16 09:58:42,706][__main__][INFO] - Initialized evaluation environment
[2025-05-16 09:58:42,711][__main__][INFO] - Initialized evaluation environment
[2025-05-16 09:58:46,893][equibot.policies.utils.equivariant_diffusion.conditional_unet1d][INFO] - number of parameters: 6.835328e+07
[2025-05-16 09:58:46,894][equibot.policies.utils.equivariant_diffusion.conditional_unet1d][INFO] - number of parameters: 6.835328e+07
[2025-05-16 09:58:46,896][equibot.policies.utils.equivariant_diffusion.conditional_unet1d][INFO] - number of parameters: 6.835328e+07
[2025-05-16 09:58:46,896][equibot.policies.utils.equivariant_diffusion.conditional_unet1d][INFO] - number of parameters: 6.835328e+07
[2025-05-16 09:58:46,898][equibot.policies.utils.equivariant_diffusion.conditional_unet1d][INFO] - number of parameters: 6.835328e+07
