[2025-05-16 00:24:11,415][__main__][INFO] - Starting training...
[2025-05-16 00:24:11,416][__main__][INFO] - Original Hydra directory: /fs/cml-scratch/amishab/equibot
[2025-05-16 00:24:11,416][__main__][INFO] - Target output directory: /fs/nexus-projects/Sketch_VLM_RL/equibit
[2025-05-16 00:24:11,416][__main__][INFO] - Changed working directory to: /fs/nexus-projects/Sketch_VLM_RL/equibit
[2025-05-16 00:24:11,416][__main__][WARNING] - Hydra config directory not found at /fs/cml-scratch/amishab/equibot/.hydra
[2025-05-16 00:24:11,416][__main__][INFO] - Starting training...
[2025-05-16 00:24:11,416][__main__][INFO] - Original Hydra directory: /fs/cml-scratch/amishab/equibot
[2025-05-16 00:24:11,416][__main__][INFO] - Target output directory: /fs/nexus-projects/Sketch_VLM_RL/equibit
[2025-05-16 00:24:11,416][__main__][INFO] - Changed working directory to: /fs/nexus-projects/Sketch_VLM_RL/equibit
[2025-05-16 00:24:11,416][__main__][WARNING] - Hydra config directory not found at /fs/cml-scratch/amishab/equibot/.hydra
[2025-05-16 00:24:11,424][__main__][ERROR] - Failed to initialize wandb: Interpolation key 'env.args.obs_mode' not found
    full_key: evaluation....model.obs_mode
    object_type=dict
[2025-05-16 00:24:11,424][__main__][ERROR] - Failed to initialize wandb: Interpolation key 'env.args.obs_mode' not found
    full_key: evaluation....model.obs_mode
    object_type=dict
[2025-05-16 00:26:00,910][__main__][INFO] - Initialized dataloader with 7626 samples
[2025-05-16 00:26:00,910][__main__][INFO] - Initialized dataloader with 7626 samples
[2025-05-16 00:26:19,565][__main__][INFO] - Initialized evaluation environment
[2025-05-16 00:26:19,565][__main__][INFO] - Initialized evaluation environment
