[2025-05-16 11:31:02,180][__main__][INFO] - Starting training...
[2025-05-16 11:31:02,180][__main__][INFO] - Original Hydra directory: /fs/cml-scratch/amishab/equibot
[2025-05-16 11:31:02,180][__main__][INFO] - Target output directory: /fs/nexus-projects/Sketch_VLM_RL/equibit
[2025-05-16 11:31:02,180][__main__][INFO] - Changed working directory to: /fs/nexus-projects/Sketch_VLM_RL/equibit
[2025-05-16 11:31:02,180][__main__][WARNING] - Hydra config directory not found at /fs/cml-scratch/amishab/equibot/.hydra
[2025-05-16 11:31:02,180][__main__][INFO] - Starting training...
[2025-05-16 11:31:02,180][__main__][INFO] - Original Hydra directory: /fs/cml-scratch/amishab/equibot
[2025-05-16 11:31:02,181][__main__][INFO] - Target output directory: /fs/nexus-projects/Sketch_VLM_RL/equibit
[2025-05-16 11:31:02,181][__main__][INFO] - Changed working directory to: /fs/nexus-projects/Sketch_VLM_RL/equibit
[2025-05-16 11:31:02,181][__main__][WARNING] - Hydra config directory not found at /fs/cml-scratch/amishab/equibot/.hydra
[2025-05-16 11:31:02,190][__main__][ERROR] - Failed to initialize wandb: Interpolation key 'env.args.obs_mode' not found
    full_key: evaluation....model.obs_mode
    object_type=dict
[2025-05-16 11:31:02,191][__main__][ERROR] - Failed to initialize wandb: Interpolation key 'env.args.obs_mode' not found
    full_key: evaluation....model.obs_mode
    object_type=dict
[2025-05-16 11:31:08,406][__main__][INFO] - Initialized dataloader with 3133 samples
[2025-05-16 11:31:14,949][__main__][INFO] - Initialized dataloader with 6447 samples
[2025-05-16 11:31:29,994][__main__][INFO] - Initialized evaluation environment
[2025-05-16 11:31:34,055][equibot.policies.utils.equivariant_diffusion.conditional_unet1d][INFO] - number of parameters: 6.835328e+07
[2025-05-16 11:31:34,388][__main__][INFO] - Starting training from scratch
[2025-05-16 11:31:41,802][__main__][INFO] - Initialized evaluation environment
[2025-05-16 11:31:46,805][equibot.policies.utils.equivariant_diffusion.conditional_unet1d][INFO] - number of parameters: 6.835328e+07
[2025-05-16 11:31:47,128][__main__][INFO] - Starting training from scratch
