[2025-05-16 11:32:03,666][__main__][INFO] - Starting training...
[2025-05-16 11:32:03,666][__main__][INFO] - Original Hydra directory: /fs/cml-scratch/amishab/equibot
[2025-05-16 11:32:03,666][__main__][INFO] - Target output directory: /fs/nexus-projects/Sketch_VLM_RL/equibit
[2025-05-16 11:32:03,666][__main__][INFO] - Changed working directory to: /fs/nexus-projects/Sketch_VLM_RL/equibit
[2025-05-16 11:32:03,666][__main__][WARNING] - Hydra config directory not found at /fs/cml-scratch/amishab/equibot/.hydra
[2025-05-16 11:32:03,666][__main__][INFO] - Starting training...
[2025-05-16 11:32:03,667][__main__][INFO] - Original Hydra directory: /fs/cml-scratch/amishab/equibot
[2025-05-16 11:32:03,667][__main__][INFO] - Target output directory: /fs/nexus-projects/Sketch_VLM_RL/equibit
[2025-05-16 11:32:03,667][__main__][INFO] - Changed working directory to: /fs/nexus-projects/Sketch_VLM_RL/equibit
[2025-05-16 11:32:03,667][__main__][WARNING] - Hydra config directory not found at /fs/cml-scratch/amishab/equibot/.hydra
[2025-05-16 11:32:03,667][__main__][INFO] - Starting training...
[2025-05-16 11:32:03,667][__main__][INFO] - Original Hydra directory: /fs/cml-scratch/amishab/equibot
[2025-05-16 11:32:03,667][__main__][INFO] - Target output directory: /fs/nexus-projects/Sketch_VLM_RL/equibit
[2025-05-16 11:32:03,667][__main__][INFO] - Changed working directory to: /fs/nexus-projects/Sketch_VLM_RL/equibit
[2025-05-16 11:32:03,667][__main__][WARNING] - Hydra config directory not found at /fs/cml-scratch/amishab/equibot/.hydra
[2025-05-16 11:32:03,669][__main__][INFO] - Starting training...
[2025-05-16 11:32:03,669][__main__][INFO] - Original Hydra directory: /fs/cml-scratch/amishab/equibot
[2025-05-16 11:32:03,669][__main__][INFO] - Target output directory: /fs/nexus-projects/Sketch_VLM_RL/equibit
[2025-05-16 11:32:03,669][__main__][INFO] - Changed working directory to: /fs/nexus-projects/Sketch_VLM_RL/equibit
[2025-05-16 11:32:03,669][__main__][WARNING] - Hydra config directory not found at /fs/cml-scratch/amishab/equibot/.hydra
[2025-05-16 11:32:03,676][__main__][ERROR] - Failed to initialize wandb: Interpolation key 'env.args.obs_mode' not found
    full_key: evaluation....model.obs_mode
    object_type=dict
[2025-05-16 11:32:03,677][__main__][ERROR] - Failed to initialize wandb: Interpolation key 'env.args.obs_mode' not found
    full_key: evaluation....model.obs_mode
    object_type=dict
[2025-05-16 11:32:03,678][__main__][ERROR] - Failed to initialize wandb: Interpolation key 'env.args.obs_mode' not found
    full_key: evaluation....model.obs_mode
    object_type=dict
[2025-05-16 11:32:03,679][__main__][ERROR] - Failed to initialize wandb: Interpolation key 'env.args.obs_mode' not found
    full_key: evaluation....model.obs_mode
    object_type=dict
[2025-05-16 11:32:10,906][__main__][INFO] - Initialized dataloader with 3133 samples
[2025-05-16 11:32:10,906][__main__][INFO] - Initialized dataloader with 3133 samples
[2025-05-16 11:32:10,906][__main__][INFO] - Initialized dataloader with 3133 samples
[2025-05-16 11:32:28,900][__main__][INFO] - Initialized dataloader with 6447 samples
[2025-05-16 11:32:32,485][__main__][INFO] - Initialized evaluation environment
[2025-05-16 11:32:32,580][__main__][INFO] - Initialized evaluation environment
[2025-05-16 11:32:32,980][__main__][INFO] - Initialized evaluation environment
[2025-05-16 11:32:36,470][equibot.policies.utils.equivariant_diffusion.conditional_unet1d][INFO] - number of parameters: 6.835328e+07
[2025-05-16 11:32:36,490][equibot.policies.utils.equivariant_diffusion.conditional_unet1d][INFO] - number of parameters: 6.835328e+07
[2025-05-16 11:32:36,643][equibot.policies.utils.equivariant_diffusion.conditional_unet1d][INFO] - number of parameters: 6.835328e+07
[2025-05-16 11:32:36,781][__main__][INFO] - Starting training from scratch
[2025-05-16 11:32:36,802][__main__][INFO] - Starting training from scratch
[2025-05-16 11:32:36,947][__main__][INFO] - Starting training from scratch
[2025-05-16 11:32:52,888][__main__][INFO] - Initialized evaluation environment
[2025-05-16 11:32:56,767][equibot.policies.utils.equivariant_diffusion.conditional_unet1d][INFO] - number of parameters: 6.835328e+07
[2025-05-16 11:32:57,038][__main__][INFO] - Starting training from scratch
