[2025-05-16 10:45:50,657][__main__][INFO] - Starting training...
[2025-05-16 10:45:50,657][__main__][INFO] - Original Hydra directory: /fs/cml-scratch/amishab/equibot
[2025-05-16 10:45:50,657][__main__][INFO] - Target output directory: /fs/nexus-projects/Sketch_VLM_RL/equibit
[2025-05-16 10:45:50,657][__main__][INFO] - Changed working directory to: /fs/nexus-projects/Sketch_VLM_RL/equibit
[2025-05-16 10:45:50,657][__main__][WARNING] - Hydra config directory not found at /fs/cml-scratch/amishab/equibot/.hydra
[2025-05-16 10:45:50,658][__main__][INFO] - Starting training...
[2025-05-16 10:45:50,658][__main__][INFO] - Original Hydra directory: /fs/cml-scratch/amishab/equibot
[2025-05-16 10:45:50,658][__main__][INFO] - Target output directory: /fs/nexus-projects/Sketch_VLM_RL/equibit
[2025-05-16 10:45:50,658][__main__][INFO] - Changed working directory to: /fs/nexus-projects/Sketch_VLM_RL/equibit
[2025-05-16 10:45:50,659][__main__][WARNING] - Hydra config directory not found at /fs/cml-scratch/amishab/equibot/.hydra
[2025-05-16 10:45:50,659][__main__][INFO] - Starting training...
[2025-05-16 10:45:50,659][__main__][INFO] - Original Hydra directory: /fs/cml-scratch/amishab/equibot
[2025-05-16 10:45:50,659][__main__][INFO] - Target output directory: /fs/nexus-projects/Sketch_VLM_RL/equibit
[2025-05-16 10:45:50,659][__main__][INFO] - Changed working directory to: /fs/nexus-projects/Sketch_VLM_RL/equibit
[2025-05-16 10:45:50,660][__main__][WARNING] - Hydra config directory not found at /fs/cml-scratch/amishab/equibot/.hydra
[2025-05-16 10:45:50,660][__main__][INFO] - Starting training...
[2025-05-16 10:45:50,660][__main__][INFO] - Original Hydra directory: /fs/cml-scratch/amishab/equibot
[2025-05-16 10:45:50,660][__main__][INFO] - Target output directory: /fs/nexus-projects/Sketch_VLM_RL/equibit
[2025-05-16 10:45:50,661][__main__][INFO] - Changed working directory to: /fs/nexus-projects/Sketch_VLM_RL/equibit
[2025-05-16 10:45:50,661][__main__][WARNING] - Hydra config directory not found at /fs/cml-scratch/amishab/equibot/.hydra
[2025-05-16 10:45:50,669][__main__][ERROR] - Failed to initialize wandb: Interpolation key 'env.args.obs_mode' not found
    full_key: evaluation....model.obs_mode
    object_type=dict
[2025-05-16 10:45:50,670][__main__][ERROR] - Failed to initialize wandb: Interpolation key 'env.args.obs_mode' not found
    full_key: evaluation....model.obs_mode
    object_type=dict
[2025-05-16 10:45:50,672][__main__][ERROR] - Failed to initialize wandb: Interpolation key 'env.args.obs_mode' not found
    full_key: evaluation....model.obs_mode
    object_type=dict
[2025-05-16 10:45:50,673][__main__][ERROR] - Failed to initialize wandb: Interpolation key 'env.args.obs_mode' not found
    full_key: evaluation....model.obs_mode
    object_type=dict
[2025-05-16 10:46:03,162][__main__][INFO] - Initialized dataloader with 6447 samples
[2025-05-16 10:46:03,162][__main__][INFO] - Initialized dataloader with 6447 samples
[2025-05-16 10:46:06,191][__main__][INFO] - Initialized dataloader with 7626 samples
[2025-05-16 10:46:06,191][__main__][INFO] - Initialized dataloader with 7626 samples
[2025-05-16 10:46:25,893][__main__][INFO] - Initialized evaluation environment
[2025-05-16 10:46:25,891][__main__][INFO] - Initialized evaluation environment
[2025-05-16 10:46:26,895][__main__][INFO] - Initialized evaluation environment
[2025-05-16 10:46:27,486][__main__][INFO] - Initialized evaluation environment
[2025-05-16 10:46:29,624][equibot.policies.utils.equivariant_diffusion.conditional_unet1d][INFO] - number of parameters: 6.835328e+07
[2025-05-16 10:46:30,140][__main__][INFO] - Starting training from scratch
[2025-05-16 10:46:30,339][equibot.policies.utils.equivariant_diffusion.conditional_unet1d][INFO] - number of parameters: 6.835328e+07
[2025-05-16 10:46:30,339][equibot.policies.utils.equivariant_diffusion.conditional_unet1d][INFO] - number of parameters: 6.835328e+07
[2025-05-16 10:46:30,549][equibot.policies.utils.equivariant_diffusion.conditional_unet1d][INFO] - number of parameters: 6.835328e+07
[2025-05-16 10:46:30,700][__main__][INFO] - Starting training from scratch
[2025-05-16 10:46:30,703][__main__][INFO] - Starting training from scratch
[2025-05-16 10:46:31,021][__main__][INFO] - Starting training from scratch
