[2025-05-15 23:45:56,571][__main__][INFO] - Starting training...
[2025-05-15 23:45:56,571][__main__][INFO] - Original Hydra directory: /fs/cml-scratch/amishab/equibot
[2025-05-15 23:45:56,571][__main__][INFO] - Target output directory: /fs/nexus-projects/Sketch_VLM_RL/equibit
[2025-05-15 23:45:56,571][__main__][INFO] - Changed working directory to: /fs/nexus-projects/Sketch_VLM_RL/equibit
[2025-05-15 23:45:56,571][__main__][INFO] - Starting training...
[2025-05-15 23:45:56,571][__main__][INFO] - Original Hydra directory: /fs/cml-scratch/amishab/equibot
[2025-05-15 23:45:56,571][__main__][WARNING] - Hydra config directory not found at /fs/cml-scratch/amishab/equibot/.hydra
[2025-05-15 23:45:56,571][__main__][INFO] - Target output directory: /fs/nexus-projects/Sketch_VLM_RL/equibit
[2025-05-15 23:45:56,571][__main__][INFO] - Changed working directory to: /fs/nexus-projects/Sketch_VLM_RL/equibit
[2025-05-15 23:45:56,572][__main__][WARNING] - Hydra config directory not found at /fs/cml-scratch/amishab/equibot/.hydra
[2025-05-15 23:45:56,574][__main__][INFO] - Starting training...
[2025-05-15 23:45:56,574][__main__][INFO] - Original Hydra directory: /fs/cml-scratch/amishab/equibot
[2025-05-15 23:45:56,574][__main__][INFO] - Target output directory: /fs/nexus-projects/Sketch_VLM_RL/equibit
[2025-05-15 23:45:56,574][__main__][INFO] - Changed working directory to: /fs/nexus-projects/Sketch_VLM_RL/equibit
[2025-05-15 23:45:56,574][__main__][WARNING] - Hydra config directory not found at /fs/cml-scratch/amishab/equibot/.hydra
[2025-05-15 23:45:56,577][__main__][INFO] - Starting training...
[2025-05-15 23:45:56,578][__main__][INFO] - Original Hydra directory: /fs/cml-scratch/amishab/equibot
[2025-05-15 23:45:56,578][__main__][INFO] - Target output directory: /fs/nexus-projects/Sketch_VLM_RL/equibit
[2025-05-15 23:45:56,578][__main__][INFO] - Changed working directory to: /fs/nexus-projects/Sketch_VLM_RL/equibit
[2025-05-15 23:45:56,578][__main__][WARNING] - Hydra config directory not found at /fs/cml-scratch/amishab/equibot/.hydra
[2025-05-15 23:45:56,582][__main__][ERROR] - Failed to initialize wandb: Interpolation key 'env.args.obs_mode' not found
    full_key: evaluation....model.obs_mode
    object_type=dict
[2025-05-15 23:45:56,582][__main__][ERROR] - Failed to initialize wandb: Interpolation key 'env.args.obs_mode' not found
    full_key: evaluation....model.obs_mode
    object_type=dict
[2025-05-15 23:45:56,585][__main__][ERROR] - Failed to initialize wandb: Interpolation key 'env.args.obs_mode' not found
    full_key: evaluation....model.obs_mode
    object_type=dict
[2025-05-15 23:45:56,588][__main__][ERROR] - Failed to initialize wandb: Interpolation key 'env.args.obs_mode' not found
    full_key: evaluation....model.obs_mode
    object_type=dict
[2025-05-15 23:46:03,415][__main__][INFO] - Initialized dataloader with 3133 samples
[2025-05-15 23:46:03,415][__main__][INFO] - Initialized dataloader with 3133 samples
[2025-05-15 23:46:03,415][__main__][INFO] - Initialized dataloader with 3133 samples
[2025-05-15 23:46:16,591][__main__][INFO] - Initialized dataloader with 6447 samples
[2025-05-15 23:46:27,071][__main__][ERROR] - Failed to initialize evaluation environment: [Errno 104] Connection reset by peer
[2025-05-15 23:46:27,072][__main__][ERROR] - Failed to initialize evaluation environment: [Errno 104] Connection reset by peer
[2025-05-15 23:46:27,072][__main__][ERROR] - Failed to initialize evaluation environment: [Errno 104] Connection reset by peer
[2025-05-15 23:46:47,011][__main__][ERROR] - Failed to initialize evaluation environment: [Errno 104] Connection reset by peer
