[2025-05-16 10:43:51,189][__main__][INFO] - Starting training...
[2025-05-16 10:43:51,189][__main__][INFO] - Original Hydra directory: /fs/cml-scratch/amishab/equibot
[2025-05-16 10:43:51,190][__main__][INFO] - Target output directory: /fs/nexus-projects/Sketch_VLM_RL/equibit
[2025-05-16 10:43:51,190][__main__][INFO] - Changed working directory to: /fs/nexus-projects/Sketch_VLM_RL/equibit
[2025-05-16 10:43:51,190][__main__][WARNING] - Hydra config directory not found at /fs/cml-scratch/amishab/equibot/.hydra
[2025-05-16 10:43:51,190][__main__][INFO] - Starting training...
[2025-05-16 10:43:51,190][__main__][INFO] - Original Hydra directory: /fs/cml-scratch/amishab/equibot
[2025-05-16 10:43:51,190][__main__][INFO] - Target output directory: /fs/nexus-projects/Sketch_VLM_RL/equibit
[2025-05-16 10:43:51,190][__main__][INFO] - Changed working directory to: /fs/nexus-projects/Sketch_VLM_RL/equibit
[2025-05-16 10:43:51,190][__main__][WARNING] - Hydra config directory not found at /fs/cml-scratch/amishab/equibot/.hydra
[2025-05-16 10:43:51,191][__main__][INFO] - Starting training...
[2025-05-16 10:43:51,191][__main__][INFO] - Original Hydra directory: /fs/cml-scratch/amishab/equibot
[2025-05-16 10:43:51,191][__main__][INFO] - Target output directory: /fs/nexus-projects/Sketch_VLM_RL/equibit
[2025-05-16 10:43:51,191][__main__][INFO] - Changed working directory to: /fs/nexus-projects/Sketch_VLM_RL/equibit
[2025-05-16 10:43:51,192][__main__][WARNING] - Hydra config directory not found at /fs/cml-scratch/amishab/equibot/.hydra
[2025-05-16 10:43:51,196][__main__][INFO] - Starting training...
[2025-05-16 10:43:51,196][__main__][INFO] - Original Hydra directory: /fs/cml-scratch/amishab/equibot
[2025-05-16 10:43:51,196][__main__][INFO] - Target output directory: /fs/nexus-projects/Sketch_VLM_RL/equibit
[2025-05-16 10:43:51,196][__main__][INFO] - Changed working directory to: /fs/nexus-projects/Sketch_VLM_RL/equibit
[2025-05-16 10:43:51,196][__main__][WARNING] - Hydra config directory not found at /fs/cml-scratch/amishab/equibot/.hydra
[2025-05-16 10:43:51,202][__main__][ERROR] - Failed to initialize wandb: Interpolation key 'env.args.obs_mode' not found
    full_key: evaluation....model.obs_mode
    object_type=dict
[2025-05-16 10:43:51,202][__main__][ERROR] - Failed to initialize wandb: Interpolation key 'env.args.obs_mode' not found
    full_key: evaluation....model.obs_mode
    object_type=dict
[2025-05-16 10:43:51,204][__main__][ERROR] - Failed to initialize wandb: Interpolation key 'env.args.obs_mode' not found
    full_key: evaluation....model.obs_mode
    object_type=dict
[2025-05-16 10:43:51,208][__main__][ERROR] - Failed to initialize wandb: Interpolation key 'env.args.obs_mode' not found
    full_key: evaluation....model.obs_mode
    object_type=dict
[2025-05-16 10:44:29,831][__main__][INFO] - Initialized dataloader with 3133 samples
[2025-05-16 10:44:29,831][__main__][INFO] - Initialized dataloader with 3133 samples
[2025-05-16 10:44:29,915][__main__][ERROR] - Failed to initialize evaluation environment: [Errno 116] Stale file handle
[2025-05-16 10:44:29,915][__main__][ERROR] - Failed to initialize evaluation environment: [Errno 116] Stale file handle
[2025-05-16 10:44:34,866][equibot.policies.utils.equivariant_diffusion.conditional_unet1d][INFO] - number of parameters: 6.835328e+07
[2025-05-16 10:44:34,847][equibot.policies.utils.equivariant_diffusion.conditional_unet1d][INFO] - number of parameters: 6.835328e+07
[2025-05-16 10:44:35,251][__main__][INFO] - Starting training from scratch
[2025-05-16 10:44:35,256][__main__][INFO] - Starting training from scratch
[2025-05-16 10:44:36,248][__main__][INFO] - Initialized dataloader with 7626 samples
[2025-05-16 10:44:36,248][__main__][INFO] - Initialized dataloader with 7626 samples
[2025-05-16 10:44:36,281][__main__][ERROR] - Failed to initialize evaluation environment: [Errno 116] Stale file handle
[2025-05-16 10:44:36,281][__main__][ERROR] - Failed to initialize evaluation environment: [Errno 116] Stale file handle
[2025-05-16 10:44:39,467][equibot.policies.utils.equivariant_diffusion.conditional_unet1d][INFO] - number of parameters: 6.835328e+07
[2025-05-16 10:44:39,479][equibot.policies.utils.equivariant_diffusion.conditional_unet1d][INFO] - number of parameters: 6.835328e+07
[2025-05-16 10:44:40,008][__main__][INFO] - Starting training from scratch
[2025-05-16 10:44:40,031][__main__][INFO] - Starting training from scratch
