[2025-05-16 10:38:47,706][__main__][INFO] - Starting training...
[2025-05-16 10:38:47,706][__main__][INFO] - Original Hydra directory: /fs/cml-scratch/amishab/equibot
[2025-05-16 10:38:47,707][__main__][INFO] - Target output directory: /fs/nexus-projects/Sketch_VLM_RL/equibit
[2025-05-16 10:38:47,707][__main__][INFO] - Changed working directory to: /fs/nexus-projects/Sketch_VLM_RL/equibit
[2025-05-16 10:38:47,707][__main__][WARNING] - Hydra config directory not found at /fs/cml-scratch/amishab/equibot/.hydra
[2025-05-16 10:38:47,708][__main__][INFO] - Starting training...
[2025-05-16 10:38:47,708][__main__][INFO] - Original Hydra directory: /fs/cml-scratch/amishab/equibot
[2025-05-16 10:38:47,708][__main__][INFO] - Target output directory: /fs/nexus-projects/Sketch_VLM_RL/equibit
[2025-05-16 10:38:47,709][__main__][INFO] - Changed working directory to: /fs/nexus-projects/Sketch_VLM_RL/equibit
[2025-05-16 10:38:47,709][__main__][WARNING] - Hydra config directory not found at /fs/cml-scratch/amishab/equibot/.hydra
[2025-05-16 10:38:47,714][__main__][INFO] - Starting training...
[2025-05-16 10:38:47,714][__main__][INFO] - Original Hydra directory: /fs/cml-scratch/amishab/equibot
[2025-05-16 10:38:47,714][__main__][INFO] - Target output directory: /fs/nexus-projects/Sketch_VLM_RL/equibit
[2025-05-16 10:38:47,714][__main__][INFO] - Changed working directory to: /fs/nexus-projects/Sketch_VLM_RL/equibit
[2025-05-16 10:38:47,714][__main__][WARNING] - Hydra config directory not found at /fs/cml-scratch/amishab/equibot/.hydra
[2025-05-16 10:38:47,715][__main__][INFO] - Starting training...
[2025-05-16 10:38:47,715][__main__][INFO] - Original Hydra directory: /fs/cml-scratch/amishab/equibot
[2025-05-16 10:38:47,715][__main__][INFO] - Target output directory: /fs/nexus-projects/Sketch_VLM_RL/equibit
[2025-05-16 10:38:47,715][__main__][INFO] - Changed working directory to: /fs/nexus-projects/Sketch_VLM_RL/equibit
[2025-05-16 10:38:47,715][__main__][WARNING] - Hydra config directory not found at /fs/cml-scratch/amishab/equibot/.hydra
[2025-05-16 10:38:47,719][__main__][ERROR] - Failed to initialize wandb: Interpolation key 'env.args.obs_mode' not found
    full_key: evaluation....model.obs_mode
    object_type=dict
[2025-05-16 10:38:47,721][__main__][ERROR] - Failed to initialize wandb: Interpolation key 'env.args.obs_mode' not found
    full_key: evaluation....model.obs_mode
    object_type=dict
[2025-05-16 10:38:47,726][__main__][ERROR] - Failed to initialize wandb: Interpolation key 'env.args.obs_mode' not found
    full_key: evaluation....model.obs_mode
    object_type=dict
[2025-05-16 10:38:47,727][__main__][ERROR] - Failed to initialize wandb: Interpolation key 'env.args.obs_mode' not found
    full_key: evaluation....model.obs_mode
    object_type=dict
[2025-05-16 10:38:59,877][__main__][INFO] - Initialized dataloader with 6447 samples
[2025-05-16 10:38:59,877][__main__][INFO] - Initialized dataloader with 6447 samples
[2025-05-16 10:39:04,052][__main__][INFO] - Initialized dataloader with 7626 samples
[2025-05-16 10:39:04,052][__main__][INFO] - Initialized dataloader with 7626 samples
[2025-05-16 10:39:22,950][__main__][INFO] - Initialized evaluation environment
[2025-05-16 10:39:22,964][__main__][INFO] - Initialized evaluation environment
[2025-05-16 10:39:24,167][__main__][INFO] - Initialized evaluation environment
[2025-05-16 10:39:24,551][__main__][INFO] - Initialized evaluation environment
[2025-05-16 10:39:26,856][equibot.policies.utils.equivariant_diffusion.conditional_unet1d][INFO] - number of parameters: 6.835328e+07
[2025-05-16 10:39:27,093][equibot.policies.utils.equivariant_diffusion.conditional_unet1d][INFO] - number of parameters: 6.835328e+07
[2025-05-16 10:39:27,131][equibot.policies.utils.equivariant_diffusion.conditional_unet1d][INFO] - number of parameters: 6.835328e+07
[2025-05-16 10:39:27,414][equibot.policies.utils.equivariant_diffusion.conditional_unet1d][INFO] - number of parameters: 6.835328e+07
