[2025-05-16 00:15:54,475][__main__][INFO] - Starting training...
[2025-05-16 00:15:54,475][__main__][INFO] - Original Hydra directory: /fs/cml-scratch/amishab/equibot
[2025-05-16 00:15:54,475][__main__][INFO] - Target output directory: /fs/nexus-projects/Sketch_VLM_RL/equibit
[2025-05-16 00:15:54,475][__main__][INFO] - Changed working directory to: /fs/nexus-projects/Sketch_VLM_RL/equibit
[2025-05-16 00:15:54,475][__main__][WARNING] - Hydra config directory not found at /fs/cml-scratch/amishab/equibot/.hydra
[2025-05-16 00:15:54,476][__main__][INFO] - Starting training...
[2025-05-16 00:15:54,476][__main__][INFO] - Original Hydra directory: /fs/cml-scratch/amishab/equibot
[2025-05-16 00:15:54,476][__main__][INFO] - Target output directory: /fs/nexus-projects/Sketch_VLM_RL/equibit
[2025-05-16 00:15:54,476][__main__][INFO] - Changed working directory to: /fs/nexus-projects/Sketch_VLM_RL/equibit
[2025-05-16 00:15:54,476][__main__][WARNING] - Hydra config directory not found at /fs/cml-scratch/amishab/equibot/.hydra
[2025-05-16 00:15:54,477][__main__][INFO] - Starting training...
[2025-05-16 00:15:54,477][__main__][INFO] - Original Hydra directory: /fs/cml-scratch/amishab/equibot
[2025-05-16 00:15:54,477][__main__][INFO] - Target output directory: /fs/nexus-projects/Sketch_VLM_RL/equibit
[2025-05-16 00:15:54,477][__main__][INFO] - Changed working directory to: /fs/nexus-projects/Sketch_VLM_RL/equibit
[2025-05-16 00:15:54,477][__main__][WARNING] - Hydra config directory not found at /fs/cml-scratch/amishab/equibot/.hydra
[2025-05-16 00:15:54,478][__main__][INFO] - Starting training...
[2025-05-16 00:15:54,478][__main__][INFO] - Original Hydra directory: /fs/cml-scratch/amishab/equibot
[2025-05-16 00:15:54,478][__main__][INFO] - Target output directory: /fs/nexus-projects/Sketch_VLM_RL/equibit
[2025-05-16 00:15:54,478][__main__][INFO] - Changed working directory to: /fs/nexus-projects/Sketch_VLM_RL/equibit
[2025-05-16 00:15:54,478][__main__][WARNING] - Hydra config directory not found at /fs/cml-scratch/amishab/equibot/.hydra
[2025-05-16 00:15:54,487][__main__][ERROR] - Failed to initialize wandb: Interpolation key 'env.args.obs_mode' not found
    full_key: evaluation....model.obs_mode
    object_type=dict
[2025-05-16 00:15:54,488][__main__][ERROR] - Failed to initialize wandb: Interpolation key 'env.args.obs_mode' not found
    full_key: evaluation....model.obs_mode
    object_type=dict
[2025-05-16 00:15:54,489][__main__][ERROR] - Failed to initialize wandb: Interpolation key 'env.args.obs_mode' not found
    full_key: evaluation....model.obs_mode
    object_type=dict
[2025-05-16 00:15:54,490][__main__][ERROR] - Failed to initialize wandb: Interpolation key 'env.args.obs_mode' not found
    full_key: evaluation....model.obs_mode
    object_type=dict
[2025-05-16 00:16:07,511][__main__][INFO] - Initialized dataloader with 6447 samples
[2025-05-16 00:16:07,511][__main__][INFO] - Initialized dataloader with 6447 samples
[2025-05-16 00:16:09,994][__main__][INFO] - Initialized dataloader with 7626 samples
[2025-05-16 00:16:09,994][__main__][INFO] - Initialized dataloader with 7626 samples
[2025-05-16 00:16:29,391][__main__][INFO] - Initialized evaluation environment
[2025-05-16 00:16:29,422][__main__][INFO] - Initialized evaluation environment
[2025-05-16 00:16:31,831][__main__][INFO] - Initialized evaluation environment
[2025-05-16 00:16:31,842][__main__][INFO] - Initialized evaluation environment
