[2025-05-16 14:58:58,193][__main__][INFO] - Starting training...
[2025-05-16 14:58:58,193][__main__][INFO] - Original Hydra directory: /fs/cml-scratch/amishab/equibot
[2025-05-16 14:58:58,194][__main__][INFO] - Target output directory: /fs/nexus-projects/Sketch_VLM_RL/equibit
[2025-05-16 14:58:58,194][__main__][INFO] - Changed working directory to: /fs/nexus-projects/Sketch_VLM_RL/equibit
[2025-05-16 14:58:58,194][__main__][WARNING] - Hydra config directory not found at /fs/cml-scratch/amishab/equibot/.hydra
[2025-05-16 14:58:58,194][__main__][INFO] - Starting training...
[2025-05-16 14:58:58,194][__main__][INFO] - Original Hydra directory: /fs/cml-scratch/amishab/equibot
[2025-05-16 14:58:58,194][__main__][INFO] - Target output directory: /fs/nexus-projects/Sketch_VLM_RL/equibit
[2025-05-16 14:58:58,194][__main__][INFO] - Changed working directory to: /fs/nexus-projects/Sketch_VLM_RL/equibit
[2025-05-16 14:58:58,195][__main__][WARNING] - Hydra config directory not found at /fs/cml-scratch/amishab/equibot/.hydra
[2025-05-16 14:58:58,195][__main__][INFO] - Starting training...
[2025-05-16 14:58:58,195][__main__][INFO] - Original Hydra directory: /fs/cml-scratch/amishab/equibot
[2025-05-16 14:58:58,195][__main__][INFO] - Target output directory: /fs/nexus-projects/Sketch_VLM_RL/equibit
[2025-05-16 14:58:58,195][__main__][INFO] - Changed working directory to: /fs/nexus-projects/Sketch_VLM_RL/equibit
[2025-05-16 14:58:58,196][__main__][WARNING] - Hydra config directory not found at /fs/cml-scratch/amishab/equibot/.hydra
[2025-05-16 14:58:58,196][__main__][INFO] - Starting training...
[2025-05-16 14:58:58,196][__main__][INFO] - Original Hydra directory: /fs/cml-scratch/amishab/equibot
[2025-05-16 14:58:58,196][__main__][INFO] - Target output directory: /fs/nexus-projects/Sketch_VLM_RL/equibit
[2025-05-16 14:58:58,196][__main__][INFO] - Changed working directory to: /fs/nexus-projects/Sketch_VLM_RL/equibit
[2025-05-16 14:58:58,196][__main__][WARNING] - Hydra config directory not found at /fs/cml-scratch/amishab/equibot/.hydra
[2025-05-16 14:58:58,204][__main__][ERROR] - Failed to initialize wandb: Interpolation key 'env.args.obs_mode' not found
    full_key: evaluation....model.obs_mode
    object_type=dict
[2025-05-16 14:58:58,205][__main__][ERROR] - Failed to initialize wandb: Interpolation key 'env.args.obs_mode' not found
    full_key: evaluation....model.obs_mode
    object_type=dict
[2025-05-16 14:58:58,206][__main__][ERROR] - Failed to initialize wandb: Interpolation key 'env.args.obs_mode' not found
    full_key: evaluation....model.obs_mode
    object_type=dict
[2025-05-16 14:58:58,206][__main__][ERROR] - Failed to initialize wandb: Interpolation key 'env.args.obs_mode' not found
    full_key: evaluation....model.obs_mode
    object_type=dict
[2025-05-16 15:00:39,447][__main__][INFO] - Initialized dataloader with 3133 samples
[2025-05-16 15:00:39,447][__main__][INFO] - Initialized dataloader with 3133 samples
[2025-05-16 15:01:01,654][__main__][INFO] - Initialized evaluation environment
[2025-05-16 15:01:01,654][__main__][INFO] - Initialized evaluation environment
[2025-05-16 15:01:10,260][equibot.policies.utils.equivariant_diffusion.conditional_unet1d][INFO] - number of parameters: 6.835328e+07
[2025-05-16 15:01:10,261][equibot.policies.utils.equivariant_diffusion.conditional_unet1d][INFO] - number of parameters: 6.835328e+07
[2025-05-16 15:01:10,615][__main__][INFO] - Starting training from scratch
[2025-05-16 15:01:10,615][__main__][INFO] - Starting training from scratch
[2025-05-16 15:01:53,990][__main__][INFO] - Initialized dataloader with 7626 samples
[2025-05-16 15:01:53,990][__main__][INFO] - Initialized dataloader with 7626 samples
[2025-05-16 15:02:13,613][__main__][INFO] - Initialized evaluation environment
[2025-05-16 15:02:13,619][__main__][INFO] - Initialized evaluation environment
[2025-05-16 15:02:16,253][equibot.policies.utils.equivariant_diffusion.conditional_unet1d][INFO] - number of parameters: 6.835328e+07
[2025-05-16 15:02:16,262][equibot.policies.utils.equivariant_diffusion.conditional_unet1d][INFO] - number of parameters: 6.835328e+07
[2025-05-16 15:02:16,685][__main__][INFO] - Starting training from scratch
[2025-05-16 15:02:16,693][__main__][INFO] - Starting training from scratch
