[2025-05-16 00:10:19,186][__main__][INFO] - Starting training...
[2025-05-16 00:10:19,186][__main__][INFO] - Original Hydra directory: /fs/cml-scratch/amishab/equibot
[2025-05-16 00:10:19,186][__main__][INFO] - Target output directory: /fs/nexus-projects/Sketch_VLM_RL/equibit
[2025-05-16 00:10:19,186][__main__][INFO] - Changed working directory to: /fs/nexus-projects/Sketch_VLM_RL/equibit
[2025-05-16 00:10:19,187][__main__][WARNING] - Hydra config directory not found at /fs/cml-scratch/amishab/equibot/.hydra
[2025-05-16 00:10:19,187][__main__][INFO] - Starting training...
[2025-05-16 00:10:19,187][__main__][INFO] - Original Hydra directory: /fs/cml-scratch/amishab/equibot
[2025-05-16 00:10:19,187][__main__][INFO] - Target output directory: /fs/nexus-projects/Sketch_VLM_RL/equibit
[2025-05-16 00:10:19,188][__main__][INFO] - Changed working directory to: /fs/nexus-projects/Sketch_VLM_RL/equibit
[2025-05-16 00:10:19,188][__main__][WARNING] - Hydra config directory not found at /fs/cml-scratch/amishab/equibot/.hydra
[2025-05-16 00:10:19,189][__main__][INFO] - Starting training...
[2025-05-16 00:10:19,189][__main__][INFO] - Original Hydra directory: /fs/cml-scratch/amishab/equibot
[2025-05-16 00:10:19,189][__main__][INFO] - Target output directory: /fs/nexus-projects/Sketch_VLM_RL/equibit
[2025-05-16 00:10:19,189][__main__][INFO] - Changed working directory to: /fs/nexus-projects/Sketch_VLM_RL/equibit
[2025-05-16 00:10:19,189][__main__][WARNING] - Hydra config directory not found at /fs/cml-scratch/amishab/equibot/.hydra
[2025-05-16 00:10:19,191][__main__][INFO] - Starting training...
[2025-05-16 00:10:19,191][__main__][INFO] - Original Hydra directory: /fs/cml-scratch/amishab/equibot
[2025-05-16 00:10:19,191][__main__][INFO] - Target output directory: /fs/nexus-projects/Sketch_VLM_RL/equibit
[2025-05-16 00:10:19,191][__main__][INFO] - Changed working directory to: /fs/nexus-projects/Sketch_VLM_RL/equibit
[2025-05-16 00:10:19,191][__main__][WARNING] - Hydra config directory not found at /fs/cml-scratch/amishab/equibot/.hydra
[2025-05-16 00:10:19,203][__main__][ERROR] - Failed to initialize wandb: Interpolation key 'env.args.obs_mode' not found
    full_key: evaluation....model.obs_mode
    object_type=dict
[2025-05-16 00:10:19,204][__main__][ERROR] - Failed to initialize wandb: Interpolation key 'env.args.obs_mode' not found
    full_key: evaluation....model.obs_mode
    object_type=dict
[2025-05-16 00:10:19,206][__main__][ERROR] - Failed to initialize wandb: Interpolation key 'env.args.obs_mode' not found
    full_key: evaluation....model.obs_mode
    object_type=dict
[2025-05-16 00:10:19,208][__main__][ERROR] - Failed to initialize wandb: Interpolation key 'env.args.obs_mode' not found
    full_key: evaluation....model.obs_mode
    object_type=dict
[2025-05-16 00:12:07,363][__main__][INFO] - Initialized dataloader with 6447 samples
[2025-05-16 00:12:07,363][__main__][INFO] - Initialized dataloader with 6447 samples
[2025-05-16 00:12:24,934][__main__][INFO] - Initialized dataloader with 7626 samples
[2025-05-16 00:12:24,934][__main__][INFO] - Initialized dataloader with 7626 samples
[2025-05-16 00:12:41,207][__main__][INFO] - Initialized evaluation environment
[2025-05-16 00:12:41,207][__main__][INFO] - Initialized evaluation environment
[2025-05-16 00:12:45,454][__main__][INFO] - Initialized evaluation environment
[2025-05-16 00:12:45,491][__main__][INFO] - Initialized evaluation environment
