[2025-05-16 10:46:47,088][__main__][INFO] - Starting training...
[2025-05-16 10:46:47,088][__main__][INFO] - Original Hydra directory: /fs/cml-scratch/amishab/equibot
[2025-05-16 10:46:47,088][__main__][INFO] - Target output directory: /fs/nexus-projects/Sketch_VLM_RL/equibit
[2025-05-16 10:46:47,088][__main__][INFO] - Changed working directory to: /fs/nexus-projects/Sketch_VLM_RL/equibit
[2025-05-16 10:46:47,088][__main__][INFO] - Starting training...
[2025-05-16 10:46:47,089][__main__][INFO] - Original Hydra directory: /fs/cml-scratch/amishab/equibot
[2025-05-16 10:46:47,089][__main__][INFO] - Target output directory: /fs/nexus-projects/Sketch_VLM_RL/equibit
[2025-05-16 10:46:47,089][__main__][INFO] - Changed working directory to: /fs/nexus-projects/Sketch_VLM_RL/equibit
[2025-05-16 10:46:47,089][__main__][WARNING] - Hydra config directory not found at /fs/cml-scratch/amishab/equibot/.hydra
[2025-05-16 10:46:47,089][__main__][WARNING] - Hydra config directory not found at /fs/cml-scratch/amishab/equibot/.hydra
[2025-05-16 10:46:47,098][__main__][ERROR] - Failed to initialize wandb: Interpolation key 'env.args.obs_mode' not found
    full_key: evaluation....model.obs_mode
    object_type=dict
[2025-05-16 10:46:47,098][__main__][ERROR] - Failed to initialize wandb: Interpolation key 'env.args.obs_mode' not found
    full_key: evaluation....model.obs_mode
    object_type=dict
[2025-05-16 10:47:07,337][__main__][INFO] - Initialized dataloader with 7626 samples
[2025-05-16 10:47:07,337][__main__][INFO] - Initialized dataloader with 7626 samples
[2025-05-16 10:47:26,942][__main__][INFO] - Initialized evaluation environment
[2025-05-16 10:47:27,472][__main__][INFO] - Initialized evaluation environment
[2025-05-16 10:47:30,027][equibot.policies.utils.equivariant_diffusion.conditional_unet1d][INFO] - number of parameters: 6.835328e+07
[2025-05-16 10:47:30,037][equibot.policies.utils.equivariant_diffusion.conditional_unet1d][INFO] - number of parameters: 6.835328e+07
[2025-05-16 10:47:30,461][__main__][INFO] - Starting training from scratch
[2025-05-16 10:47:30,477][__main__][INFO] - Starting training from scratch
