[2025-05-16 14:58:46,572][__main__][INFO] - Starting training...
[2025-05-16 14:58:46,572][__main__][INFO] - Original Hydra directory: /fs/cml-scratch/amishab/equibot
[2025-05-16 14:58:46,572][__main__][INFO] - Target output directory: /fs/nexus-projects/Sketch_VLM_RL/equibit
[2025-05-16 14:58:46,573][__main__][INFO] - Changed working directory to: /fs/nexus-projects/Sketch_VLM_RL/equibit
[2025-05-16 14:58:46,573][__main__][INFO] - Starting training...
[2025-05-16 14:58:46,573][__main__][INFO] - Original Hydra directory: /fs/cml-scratch/amishab/equibot
[2025-05-16 14:58:46,573][__main__][WARNING] - Hydra config directory not found at /fs/cml-scratch/amishab/equibot/.hydra
[2025-05-16 14:58:46,573][__main__][INFO] - Target output directory: /fs/nexus-projects/Sketch_VLM_RL/equibit
[2025-05-16 14:58:46,573][__main__][INFO] - Changed working directory to: /fs/nexus-projects/Sketch_VLM_RL/equibit
[2025-05-16 14:58:46,573][__main__][WARNING] - Hydra config directory not found at /fs/cml-scratch/amishab/equibot/.hydra
[2025-05-16 14:58:46,581][__main__][ERROR] - Failed to initialize wandb: Interpolation key 'env.args.obs_mode' not found
    full_key: evaluation....model.obs_mode
    object_type=dict
[2025-05-16 14:58:46,582][__main__][ERROR] - Failed to initialize wandb: Interpolation key 'env.args.obs_mode' not found
    full_key: evaluation....model.obs_mode
    object_type=dict
[2025-05-16 15:01:11,718][__main__][INFO] - Initialized dataloader with 7626 samples
[2025-05-16 15:01:11,718][__main__][INFO] - Initialized dataloader with 7626 samples
[2025-05-16 15:01:30,423][__main__][INFO] - Initialized evaluation environment
[2025-05-16 15:01:30,423][__main__][INFO] - Initialized evaluation environment
[2025-05-16 15:01:37,336][equibot.policies.utils.equivariant_diffusion.conditional_unet1d][INFO] - number of parameters: 6.835328e+07
[2025-05-16 15:01:37,336][equibot.policies.utils.equivariant_diffusion.conditional_unet1d][INFO] - number of parameters: 6.835328e+07
[2025-05-16 15:01:37,783][__main__][INFO] - Starting training from scratch
[2025-05-16 15:01:37,809][__main__][INFO] - Starting training from scratch
