[2025-05-16 11:31:45,997][__main__][INFO] - Starting training...
[2025-05-16 11:31:45,998][__main__][INFO] - Original Hydra directory: /fs/cml-scratch/amishab/equibot
[2025-05-16 11:31:45,998][__main__][INFO] - Target output directory: /fs/nexus-projects/Sketch_VLM_RL/equibit
[2025-05-16 11:31:45,998][__main__][INFO] - Changed working directory to: /fs/nexus-projects/Sketch_VLM_RL/equibit
[2025-05-16 11:31:45,998][__main__][INFO] - Starting training...
[2025-05-16 11:31:45,998][__main__][INFO] - Original Hydra directory: /fs/cml-scratch/amishab/equibot
[2025-05-16 11:31:45,998][__main__][INFO] - Target output directory: /fs/nexus-projects/Sketch_VLM_RL/equibit
[2025-05-16 11:31:45,998][__main__][INFO] - Changed working directory to: /fs/nexus-projects/Sketch_VLM_RL/equibit
[2025-05-16 11:31:46,000][__main__][WARNING] - Hydra config directory not found at /fs/cml-scratch/amishab/equibot/.hydra
[2025-05-16 11:31:46,000][__main__][WARNING] - Hydra config directory not found at /fs/cml-scratch/amishab/equibot/.hydra
[2025-05-16 11:31:46,008][__main__][ERROR] - Failed to initialize wandb: Interpolation key 'env.args.obs_mode' not found
    full_key: evaluation....model.obs_mode
    object_type=dict
[2025-05-16 11:31:46,008][__main__][ERROR] - Failed to initialize wandb: Interpolation key 'env.args.obs_mode' not found
    full_key: evaluation....model.obs_mode
    object_type=dict
[2025-05-16 11:32:39,724][__main__][INFO] - Initialized dataloader with 3133 samples
[2025-05-16 11:32:39,724][__main__][INFO] - Initialized dataloader with 3133 samples
[2025-05-16 11:33:02,127][__main__][INFO] - Initialized evaluation environment
[2025-05-16 11:33:02,127][__main__][INFO] - Initialized evaluation environment
[2025-05-16 11:33:11,928][equibot.policies.utils.equivariant_diffusion.conditional_unet1d][INFO] - number of parameters: 6.835328e+07
[2025-05-16 11:33:11,945][equibot.policies.utils.equivariant_diffusion.conditional_unet1d][INFO] - number of parameters: 6.835328e+07
[2025-05-16 11:33:12,263][__main__][INFO] - Starting training from scratch
[2025-05-16 11:33:12,305][__main__][INFO] - Starting training from scratch
