[2025-05-16 11:17:28,377][__main__][INFO] - Starting training...
[2025-05-16 11:17:28,377][__main__][INFO] - Original Hydra directory: /fs/cml-scratch/amishab/equibot
[2025-05-16 11:17:28,377][__main__][INFO] - Target output directory: /fs/nexus-projects/Sketch_VLM_RL/equibit
[2025-05-16 11:17:28,378][__main__][INFO] - Changed working directory to: /fs/nexus-projects/Sketch_VLM_RL/equibit
[2025-05-16 11:17:28,378][__main__][WARNING] - Hydra config directory not found at /fs/cml-scratch/amishab/equibot/.hydra
[2025-05-16 11:17:28,378][__main__][INFO] - Starting training...
[2025-05-16 11:17:28,378][__main__][INFO] - Original Hydra directory: /fs/cml-scratch/amishab/equibot
[2025-05-16 11:17:28,378][__main__][INFO] - Target output directory: /fs/nexus-projects/Sketch_VLM_RL/equibit
[2025-05-16 11:17:28,378][__main__][INFO] - Changed working directory to: /fs/nexus-projects/Sketch_VLM_RL/equibit
[2025-05-16 11:17:28,378][__main__][WARNING] - Hydra config directory not found at /fs/cml-scratch/amishab/equibot/.hydra
[2025-05-16 11:17:28,379][__main__][INFO] - Starting training...
[2025-05-16 11:17:28,379][__main__][INFO] - Original Hydra directory: /fs/cml-scratch/amishab/equibot
[2025-05-16 11:17:28,379][__main__][INFO] - Target output directory: /fs/nexus-projects/Sketch_VLM_RL/equibit
[2025-05-16 11:17:28,379][__main__][INFO] - Changed working directory to: /fs/nexus-projects/Sketch_VLM_RL/equibit
[2025-05-16 11:17:28,379][__main__][WARNING] - Hydra config directory not found at /fs/cml-scratch/amishab/equibot/.hydra
[2025-05-16 11:17:28,379][__main__][INFO] - Starting training...
[2025-05-16 11:17:28,379][__main__][INFO] - Original Hydra directory: /fs/cml-scratch/amishab/equibot
[2025-05-16 11:17:28,379][__main__][INFO] - Target output directory: /fs/nexus-projects/Sketch_VLM_RL/equibit
[2025-05-16 11:17:28,380][__main__][INFO] - Changed working directory to: /fs/nexus-projects/Sketch_VLM_RL/equibit
[2025-05-16 11:17:28,380][__main__][WARNING] - Hydra config directory not found at /fs/cml-scratch/amishab/equibot/.hydra
[2025-05-16 11:17:28,388][__main__][ERROR] - Failed to initialize wandb: Interpolation key 'env.args.obs_mode' not found
    full_key: evaluation....model.obs_mode
    object_type=dict
[2025-05-16 11:17:28,388][__main__][ERROR] - Failed to initialize wandb: Interpolation key 'env.args.obs_mode' not found
    full_key: evaluation....model.obs_mode
    object_type=dict
[2025-05-16 11:17:28,389][__main__][ERROR] - Failed to initialize wandb: Interpolation key 'env.args.obs_mode' not found
    full_key: evaluation....model.obs_mode
    object_type=dict
[2025-05-16 11:17:28,390][__main__][ERROR] - Failed to initialize wandb: Interpolation key 'env.args.obs_mode' not found
    full_key: evaluation....model.obs_mode
    object_type=dict
[2025-05-16 11:19:00,710][__main__][INFO] - Initialized dataloader with 3133 samples
[2025-05-16 11:19:00,710][__main__][INFO] - Initialized dataloader with 3133 samples
[2025-05-16 11:19:00,710][__main__][INFO] - Initialized dataloader with 3133 samples
[2025-05-16 11:19:23,597][__main__][INFO] - Initialized evaluation environment
[2025-05-16 11:19:23,598][__main__][INFO] - Initialized evaluation environment
[2025-05-16 11:19:23,598][__main__][INFO] - Initialized evaluation environment
[2025-05-16 11:19:32,649][equibot.policies.utils.equivariant_diffusion.conditional_unet1d][INFO] - number of parameters: 6.835328e+07
[2025-05-16 11:19:32,650][equibot.policies.utils.equivariant_diffusion.conditional_unet1d][INFO] - number of parameters: 6.835328e+07
[2025-05-16 11:19:32,652][equibot.policies.utils.equivariant_diffusion.conditional_unet1d][INFO] - number of parameters: 6.835328e+07
[2025-05-16 11:19:33,031][__main__][INFO] - Starting training from scratch
[2025-05-16 11:19:33,033][__main__][INFO] - Starting training from scratch
[2025-05-16 11:19:33,049][__main__][INFO] - Starting training from scratch
[2025-05-16 11:20:18,328][__main__][INFO] - Initialized dataloader with 7626 samples
[2025-05-16 11:20:37,747][__main__][INFO] - Initialized evaluation environment
[2025-05-16 11:20:40,991][equibot.policies.utils.equivariant_diffusion.conditional_unet1d][INFO] - number of parameters: 6.835328e+07
[2025-05-16 11:20:41,401][__main__][INFO] - Starting training from scratch
