[2025-05-15 23:35:54,233][__main__][INFO] - Starting training...
[2025-05-15 23:35:54,233][__main__][INFO] - Original Hydra directory: /fs/cml-scratch/amishab/equibot
[2025-05-15 23:35:54,233][__main__][INFO] - Target output directory: /fs/nexus-projects/Sketch_VLM_RL/equibit
[2025-05-15 23:35:54,233][__main__][INFO] - Changed working directory to: /fs/nexus-projects/Sketch_VLM_RL/equibit
[2025-05-15 23:35:54,234][__main__][INFO] - Starting training...
[2025-05-15 23:35:54,234][__main__][INFO] - Original Hydra directory: /fs/cml-scratch/amishab/equibot
[2025-05-15 23:35:54,234][__main__][INFO] - Target output directory: /fs/nexus-projects/Sketch_VLM_RL/equibit
[2025-05-15 23:35:54,234][__main__][INFO] - Changed working directory to: /fs/nexus-projects/Sketch_VLM_RL/equibit
[2025-05-15 23:35:54,234][__main__][WARNING] - Hydra config directory not found at /fs/cml-scratch/amishab/equibot/.hydra
[2025-05-15 23:35:54,234][__main__][WARNING] - Hydra config directory not found at /fs/cml-scratch/amishab/equibot/.hydra
[2025-05-15 23:35:54,234][__main__][INFO] - Starting training...
[2025-05-15 23:35:54,234][__main__][INFO] - Original Hydra directory: /fs/cml-scratch/amishab/equibot
[2025-05-15 23:35:54,234][__main__][INFO] - Target output directory: /fs/nexus-projects/Sketch_VLM_RL/equibit
[2025-05-15 23:35:54,234][__main__][INFO] - Changed working directory to: /fs/nexus-projects/Sketch_VLM_RL/equibit
[2025-05-15 23:35:54,234][__main__][WARNING] - Hydra config directory not found at /fs/cml-scratch/amishab/equibot/.hydra
[2025-05-15 23:35:54,235][__main__][INFO] - Starting training...
[2025-05-15 23:35:54,235][__main__][INFO] - Original Hydra directory: /fs/cml-scratch/amishab/equibot
[2025-05-15 23:35:54,235][__main__][INFO] - Target output directory: /fs/nexus-projects/Sketch_VLM_RL/equibit
[2025-05-15 23:35:54,235][__main__][INFO] - Changed working directory to: /fs/nexus-projects/Sketch_VLM_RL/equibit
[2025-05-15 23:35:54,235][__main__][WARNING] - Hydra config directory not found at /fs/cml-scratch/amishab/equibot/.hydra
[2025-05-15 23:35:54,242][__main__][ERROR] - Failed to initialize wandb: Interpolation key 'model.hidden_dim' not found
    full_key: evaluation....model.encoder.c_dim
    object_type=dict
[2025-05-15 23:35:54,242][__main__][ERROR] - Failed to initialize wandb: Interpolation key 'model.hidden_dim' not found
    full_key: evaluation....model.encoder.c_dim
    object_type=dict
[2025-05-15 23:35:54,242][__main__][ERROR] - Failed to initialize wandb: Interpolation key 'model.hidden_dim' not found
    full_key: evaluation....model.encoder.c_dim
    object_type=dict
[2025-05-15 23:35:54,243][__main__][ERROR] - Failed to initialize wandb: Interpolation key 'model.hidden_dim' not found
    full_key: evaluation....model.encoder.c_dim
    object_type=dict
[2025-05-15 23:38:36,315][__main__][INFO] - Initialized dataloader with 6447 samples
[2025-05-15 23:38:36,315][__main__][INFO] - Initialized dataloader with 6447 samples
[2025-05-15 23:38:36,315][__main__][INFO] - Initialized dataloader with 6447 samples
[2025-05-15 23:38:43,805][__main__][ERROR] - Failed to initialize evaluation environment: Key 'num_eval_episodes' is not in struct
    full_key: training.num_eval_episodes
    object_type=dict
[2025-05-15 23:38:43,805][__main__][ERROR] - Failed to initialize evaluation environment: Key 'num_eval_episodes' is not in struct
    full_key: training.num_eval_episodes
    object_type=dict
[2025-05-15 23:38:43,805][__main__][ERROR] - Failed to initialize evaluation environment: Key 'num_eval_episodes' is not in struct
    full_key: training.num_eval_episodes
    object_type=dict
[2025-05-15 23:38:50,843][__main__][INFO] - Initialized dataloader with 7626 samples
[2025-05-15 23:38:50,862][__main__][ERROR] - Failed to initialize evaluation environment: Key 'num_eval_episodes' is not in struct
    full_key: training.num_eval_episodes
    object_type=dict
