[2025-05-16 11:17:27,913][__main__][INFO] - Starting training...
[2025-05-16 11:17:27,914][__main__][INFO] - Original Hydra directory: /fs/cml-scratch/amishab/equibot
[2025-05-16 11:17:27,914][__main__][INFO] - Target output directory: /fs/nexus-projects/Sketch_VLM_RL/equibit
[2025-05-16 11:17:27,914][__main__][INFO] - Changed working directory to: /fs/nexus-projects/Sketch_VLM_RL/equibit
[2025-05-16 11:17:27,913][__main__][INFO] - Starting training...
[2025-05-16 11:17:27,914][__main__][INFO] - Original Hydra directory: /fs/cml-scratch/amishab/equibot
[2025-05-16 11:17:27,914][__main__][INFO] - Target output directory: /fs/nexus-projects/Sketch_VLM_RL/equibit
[2025-05-16 11:17:27,914][__main__][INFO] - Changed working directory to: /fs/nexus-projects/Sketch_VLM_RL/equibit
[2025-05-16 11:17:27,914][__main__][WARNING] - Hydra config directory not found at /fs/cml-scratch/amishab/equibot/.hydra
[2025-05-16 11:17:27,914][__main__][WARNING] - Hydra config directory not found at /fs/cml-scratch/amishab/equibot/.hydra
[2025-05-16 11:17:27,914][__main__][INFO] - Starting training...
[2025-05-16 11:17:27,915][__main__][INFO] - Original Hydra directory: /fs/cml-scratch/amishab/equibot
[2025-05-16 11:17:27,915][__main__][INFO] - Target output directory: /fs/nexus-projects/Sketch_VLM_RL/equibit
[2025-05-16 11:17:27,915][__main__][INFO] - Changed working directory to: /fs/nexus-projects/Sketch_VLM_RL/equibit
[2025-05-16 11:17:27,915][__main__][WARNING] - Hydra config directory not found at /fs/cml-scratch/amishab/equibot/.hydra
[2025-05-16 11:17:27,915][__main__][INFO] - Starting training...
[2025-05-16 11:17:27,916][__main__][INFO] - Original Hydra directory: /fs/cml-scratch/amishab/equibot
[2025-05-16 11:17:27,916][__main__][INFO] - Target output directory: /fs/nexus-projects/Sketch_VLM_RL/equibit
[2025-05-16 11:17:27,916][__main__][INFO] - Changed working directory to: /fs/nexus-projects/Sketch_VLM_RL/equibit
[2025-05-16 11:17:27,916][__main__][WARNING] - Hydra config directory not found at /fs/cml-scratch/amishab/equibot/.hydra
[2025-05-16 11:17:27,927][__main__][ERROR] - Failed to initialize wandb: Interpolation key 'env.args.obs_mode' not found
    full_key: evaluation....model.obs_mode
    object_type=dict
[2025-05-16 11:17:27,927][__main__][ERROR] - Failed to initialize wandb: Interpolation key 'env.args.obs_mode' not found
    full_key: evaluation....model.obs_mode
    object_type=dict
[2025-05-16 11:17:27,928][__main__][ERROR] - Failed to initialize wandb: Interpolation key 'env.args.obs_mode' not found
    full_key: evaluation....model.obs_mode
    object_type=dict
[2025-05-16 11:17:27,929][__main__][ERROR] - Failed to initialize wandb: Interpolation key 'env.args.obs_mode' not found
    full_key: evaluation....model.obs_mode
    object_type=dict
[2025-05-16 11:19:59,344][__main__][INFO] - Initialized dataloader with 6447 samples
[2025-05-16 11:19:59,344][__main__][INFO] - Initialized dataloader with 6447 samples
[2025-05-16 11:20:16,686][__main__][INFO] - Initialized dataloader with 7626 samples
[2025-05-16 11:20:16,686][__main__][INFO] - Initialized dataloader with 7626 samples
[2025-05-16 11:20:31,737][__main__][INFO] - Initialized evaluation environment
[2025-05-16 11:20:31,758][__main__][INFO] - Initialized evaluation environment
[2025-05-16 11:20:36,955][__main__][INFO] - Initialized evaluation environment
[2025-05-16 11:20:37,008][__main__][INFO] - Initialized evaluation environment
[2025-05-16 11:20:37,214][equibot.policies.utils.equivariant_diffusion.conditional_unet1d][INFO] - number of parameters: 6.835328e+07
[2025-05-16 11:20:37,260][equibot.policies.utils.equivariant_diffusion.conditional_unet1d][INFO] - number of parameters: 6.835328e+07
[2025-05-16 11:20:37,645][__main__][INFO] - Starting training from scratch
[2025-05-16 11:20:37,678][__main__][INFO] - Starting training from scratch
[2025-05-16 11:20:40,139][equibot.policies.utils.equivariant_diffusion.conditional_unet1d][INFO] - number of parameters: 6.835328e+07
[2025-05-16 11:20:40,140][equibot.policies.utils.equivariant_diffusion.conditional_unet1d][INFO] - number of parameters: 6.835328e+07
[2025-05-16 11:20:40,678][__main__][INFO] - Starting training from scratch
[2025-05-16 11:20:40,679][__main__][INFO] - Starting training from scratch
