[2025-05-16 11:31:07,459][__main__][INFO] - Starting training...
[2025-05-16 11:31:07,459][__main__][INFO] - Original Hydra directory: /fs/cml-scratch/amishab/equibot
[2025-05-16 11:31:07,459][__main__][INFO] - Target output directory: /fs/nexus-projects/Sketch_VLM_RL/equibit
[2025-05-16 11:31:07,459][__main__][INFO] - Changed working directory to: /fs/nexus-projects/Sketch_VLM_RL/equibit
[2025-05-16 11:31:07,459][__main__][WARNING] - Hydra config directory not found at /fs/cml-scratch/amishab/equibot/.hydra
[2025-05-16 11:31:07,462][__main__][INFO] - Starting training...
[2025-05-16 11:31:07,463][__main__][INFO] - Original Hydra directory: /fs/cml-scratch/amishab/equibot
[2025-05-16 11:31:07,463][__main__][INFO] - Target output directory: /fs/nexus-projects/Sketch_VLM_RL/equibit
[2025-05-16 11:31:07,463][__main__][INFO] - Changed working directory to: /fs/nexus-projects/Sketch_VLM_RL/equibit
[2025-05-16 11:31:07,463][__main__][WARNING] - Hydra config directory not found at /fs/cml-scratch/amishab/equibot/.hydra
[2025-05-16 11:31:07,463][__main__][INFO] - Starting training...
[2025-05-16 11:31:07,463][__main__][INFO] - Original Hydra directory: /fs/cml-scratch/amishab/equibot
[2025-05-16 11:31:07,463][__main__][INFO] - Target output directory: /fs/nexus-projects/Sketch_VLM_RL/equibit
[2025-05-16 11:31:07,463][__main__][INFO] - Changed working directory to: /fs/nexus-projects/Sketch_VLM_RL/equibit
[2025-05-16 11:31:07,463][__main__][WARNING] - Hydra config directory not found at /fs/cml-scratch/amishab/equibot/.hydra
[2025-05-16 11:31:07,465][__main__][INFO] - Starting training...
[2025-05-16 11:31:07,465][__main__][INFO] - Original Hydra directory: /fs/cml-scratch/amishab/equibot
[2025-05-16 11:31:07,465][__main__][INFO] - Target output directory: /fs/nexus-projects/Sketch_VLM_RL/equibit
[2025-05-16 11:31:07,465][__main__][INFO] - Changed working directory to: /fs/nexus-projects/Sketch_VLM_RL/equibit
[2025-05-16 11:31:07,465][__main__][WARNING] - Hydra config directory not found at /fs/cml-scratch/amishab/equibot/.hydra
[2025-05-16 11:31:07,466][__main__][INFO] - Starting training...
[2025-05-16 11:31:07,466][__main__][INFO] - Original Hydra directory: /fs/cml-scratch/amishab/equibot
[2025-05-16 11:31:07,466][__main__][INFO] - Target output directory: /fs/nexus-projects/Sketch_VLM_RL/equibit
[2025-05-16 11:31:07,466][__main__][INFO] - Changed working directory to: /fs/nexus-projects/Sketch_VLM_RL/equibit
[2025-05-16 11:31:07,467][__main__][WARNING] - Hydra config directory not found at /fs/cml-scratch/amishab/equibot/.hydra
[2025-05-16 11:31:07,470][__main__][INFO] - Starting training...
[2025-05-16 11:31:07,470][__main__][ERROR] - Failed to initialize wandb: Interpolation key 'env.args.obs_mode' not found
    full_key: evaluation....model.obs_mode
    object_type=dict
[2025-05-16 11:31:07,470][__main__][INFO] - Original Hydra directory: /fs/cml-scratch/amishab/equibot
[2025-05-16 11:31:07,470][__main__][INFO] - Target output directory: /fs/nexus-projects/Sketch_VLM_RL/equibit
[2025-05-16 11:31:07,470][__main__][INFO] - Changed working directory to: /fs/nexus-projects/Sketch_VLM_RL/equibit
[2025-05-16 11:31:07,470][__main__][WARNING] - Hydra config directory not found at /fs/cml-scratch/amishab/equibot/.hydra
[2025-05-16 11:31:07,473][__main__][ERROR] - Failed to initialize wandb: Interpolation key 'env.args.obs_mode' not found
    full_key: evaluation....model.obs_mode
    object_type=dict
[2025-05-16 11:31:07,473][__main__][ERROR] - Failed to initialize wandb: Interpolation key 'env.args.obs_mode' not found
    full_key: evaluation....model.obs_mode
    object_type=dict
[2025-05-16 11:31:07,475][__main__][ERROR] - Failed to initialize wandb: Interpolation key 'env.args.obs_mode' not found
    full_key: evaluation....model.obs_mode
    object_type=dict
[2025-05-16 11:31:07,477][__main__][ERROR] - Failed to initialize wandb: Interpolation key 'env.args.obs_mode' not found
    full_key: evaluation....model.obs_mode
    object_type=dict
[2025-05-16 11:31:07,480][__main__][ERROR] - Failed to initialize wandb: Interpolation key 'env.args.obs_mode' not found
    full_key: evaluation....model.obs_mode
    object_type=dict
[2025-05-16 11:31:13,073][__main__][INFO] - Initialized dataloader with 3133 samples
[2025-05-16 11:31:13,073][__main__][INFO] - Initialized dataloader with 3133 samples
[2025-05-16 11:31:13,073][__main__][INFO] - Initialized dataloader with 3133 samples
[2025-05-16 11:31:17,825][__main__][INFO] - Initialized dataloader with 6447 samples
[2025-05-16 11:31:17,825][__main__][INFO] - Initialized dataloader with 6447 samples
[2025-05-16 11:31:20,875][__main__][INFO] - Initialized dataloader with 7626 samples
[2025-05-16 11:31:34,711][__main__][INFO] - Initialized evaluation environment
[2025-05-16 11:31:34,750][__main__][INFO] - Initialized evaluation environment
[2025-05-16 11:31:34,784][__main__][INFO] - Initialized evaluation environment
[2025-05-16 11:31:39,761][equibot.policies.utils.equivariant_diffusion.conditional_unet1d][INFO] - number of parameters: 6.835328e+07
[2025-05-16 11:31:39,766][equibot.policies.utils.equivariant_diffusion.conditional_unet1d][INFO] - number of parameters: 6.835328e+07
[2025-05-16 11:31:39,766][equibot.policies.utils.equivariant_diffusion.conditional_unet1d][INFO] - number of parameters: 6.835328e+07
[2025-05-16 11:31:40,128][__main__][INFO] - Starting training from scratch
[2025-05-16 11:31:40,158][__main__][INFO] - Starting training from scratch
[2025-05-16 11:31:40,161][__main__][INFO] - Starting training from scratch
[2025-05-16 11:31:43,086][__main__][INFO] - Initialized evaluation environment
[2025-05-16 11:31:45,467][__main__][INFO] - Initialized evaluation environment
[2025-05-16 11:31:45,473][__main__][INFO] - Initialized evaluation environment
[2025-05-16 11:31:45,887][equibot.policies.utils.equivariant_diffusion.conditional_unet1d][INFO] - number of parameters: 6.835328e+07
[2025-05-16 11:31:46,357][__main__][INFO] - Starting training from scratch
[2025-05-16 11:31:48,064][equibot.policies.utils.equivariant_diffusion.conditional_unet1d][INFO] - number of parameters: 6.835328e+07
[2025-05-16 11:31:48,083][equibot.policies.utils.equivariant_diffusion.conditional_unet1d][INFO] - number of parameters: 6.835328e+07
[2025-05-16 11:31:48,402][__main__][INFO] - Starting training from scratch
[2025-05-16 11:31:48,420][__main__][INFO] - Starting training from scratch
